-------------------------------------------------------------------------------
Test set: com.eternalbond.api.service.ProfileServiceTest
-------------------------------------------------------------------------------
Tests run: 21, Failures: 2, Errors: 0, Skipped: 0, Time elapsed: 1.313 s <<< FAILURE! -- in com.eternalbond.api.service.ProfileServiceTest
com.eternalbond.api.service.ProfileServiceTest.getDailyMatches_recycling_fillsRemainingSlots -- Time elapsed: 0.016 s <<< FAILURE!
java.lang.AssertionError: 

Expected size: 4 but was: 5 in:
[com.eternalbond.api.dto.ProfileDto@3f685162,
    com.eternalbond.api.dto.ProfileDto@11f406f8,
    com.eternalbond.api.dto.ProfileDto@987455b,
    com.eternalbond.api.dto.ProfileDto@622fdb81,
    com.eternalbond.api.dto.ProfileDto@1f3165e7]
	at com.eternalbond.api.service.ProfileServiceTest.getDailyMatches_recycling_fillsRemainingSlots(ProfileServiceTest.java:571)
	at java.base/java.lang.reflect.Method.invoke(Method.java:569)
	at java.base/java.util.ArrayList.forEach(ArrayList.java:1511)
	at java.base/java.util.ArrayList.forEach(ArrayList.java:1511)

com.eternalbond.api.service.ProfileServiceTest.getDailyMatches_recentProfilesExcluded_withinWindow -- Time elapsed: 0.005 s <<< FAILURE!
java.lang.AssertionError: 

Expected size: 3 but was: 5 in:
[com.eternalbond.api.dto.ProfileDto@68d651f2,
    com.eternalbond.api.dto.ProfileDto@3ad4a7d6,
    com.eternalbond.api.dto.ProfileDto@1e43e323,
    com.eternalbond.api.dto.ProfileDto@4a67b4ec,
    com.eternalbond.api.dto.ProfileDto@10643593]
	at com.eternalbond.api.service.ProfileServiceTest.getDailyMatches_recentProfilesExcluded_withinWindow(ProfileServiceTest.java:307)
	at java.base/java.lang.reflect.Method.invoke(Method.java:569)
	at java.base/java.util.ArrayList.forEach(ArrayList.java:1511)
	at java.base/java.util.ArrayList.forEach(ArrayList.java:1511)

