<?xml version="1.0" encoding="UTF-8"?>
<testsuite xmlns:xsi="http://www.w3.org/2001/XMLSchema-instance" xsi:noNamespaceSchemaLocation="https://maven.apache.org/surefire/maven-surefire-plugin/xsd/surefire-test-report-3.0.xsd" version="3.0" name="com.eternalbond.api.repository.UserRepositoryTest" time="4.427" tests="9" errors="0" skipped="0" failures="0">
  <properties>
[...]
</properties>
  <testcase name="save_duplicateEmail_throwsConstraintViolation" classname="com.eternalbond.api.repository.UserRepositoryTest" time="0.29">
    <system-out><![CDATA[2026-08-02 22:27:09.269 [main] INFO  o.s.t.c.s.AnnotationConfigContextLoaderUtils - Could not detect default configuration classes for test class [com.eternalbond.api.repository.UserRepositoryTest]: UserRepositoryTest does not declare any static, non-private, non-final, nested classes annotated with @Configuration.
2026-08-02 22:27:09.318 [main] INFO  o.s.b.t.c.SpringBootTestContextBootstrapper - Found @SpringBootConfiguration com.eternalbond.api.EternalBondApplication for test class com.eternalbond.api.repository.UserRepositoryTest
  .   ____          _            __ _ _
 /\\ / ___'_ __ _ _(_)_ __  __ _ \ \ \ \
( ( )\___ | '_ | '_| | '_ \/ _` | \ \ \ \
 \\/  ___)| |_)| | | | | || (_| |  ) ) ) )
  '  |____| .__|_| |_|_| |_\__, | / / / /
 =========|_|==============|___/=/_/_/_/

 :: Spring Boot ::                (v3.3.0)

2026-08-02 22:27:09.380 [main] INFO  c.e.a.repository.UserRepositoryTest - Starting UserRepositoryTest using Java 17.0.17 with PID 153208 (started by ACER in C:\Users\ACER\OneDrive - Virinchi College\Desktop\SUJALLLL\eternal-bond\eternal-bond-backend)
2026-08-02 22:27:09.381 [main] DEBUG c.e.a.repository.UserRepositoryTest - Running with Spring Boot v3.3.0, Spring v6.1.8
2026-08-02 22:27:09.381 [main] INFO  c.e.a.repository.UserRepositoryTest - No active profile set, falling back to 1 default profile: "default"
2026-08-02 22:27:09.693 [main] INFO  o.s.d.r.c.RepositoryConfigurationDelegate - Bootstrapping Spring Data JPA repositories in DEFAULT mode.
2026-08-02 22:27:09.815 [main] INFO  o.s.d.r.c.RepositoryConfigurationDelegate - Finished Spring Data repository scanning in 110 ms. Found 14 JPA repository interfaces.
2026-08-02 22:27:09.880 [main] INFO  o.s.b.t.a.j.TestDatabaseAutoConfiguration$EmbeddedDataSourceBeanFactoryPostProcessor - Replacing 'dataSource' DataSource bean with embedded version
2026-08-02 22:27:09.953 [main] INFO  o.s.j.d.e.EmbeddedDatabaseFactory - Starting embedded database: url='jdbc:h2:mem:be868e1f-b93e-4b54-b8ae-671879009af1;DB_CLOSE_DELAY=-1;DB_CLOSE_ON_EXIT=false', username='sa'
2026-08-02 22:27:10.238 [main] INFO  o.h.jpa.internal.util.LogHelper - HHH000204: Processing PersistenceUnitInfo [name: default]
2026-08-02 22:27:10.311 [main] INFO  org.hibernate.Version - HHH000412: Hibernate ORM core version 6.5.2.Final
2026-08-02 22:27:10.384 [main] INFO  o.h.c.i.RegionFactoryInitiator - HHH000026: Second-level cache disabled
2026-08-02 22:27:10.551 [main] INFO  o.s.o.j.p.SpringPersistenceUnitInfo - No LoadTimeWeaver setup: ignoring JPA class transformer
2026-08-02 22:27:10.608 [main] WARN  org.hibernate.dialect.Dialect - HHH000511: The 2.2.224 version for [org.hibernate.dialect.PostgreSQLDialect] is no longer supported, hence certain features may not work properly. The minimum supported version is 12.0.0. Check the community dialects project for available legacy versions.
2026-08-02 22:27:10.613 [main] WARN  org.hibernate.orm.deprecation - HHH90000025: PostgreSQLDialect does not need to be specified explicitly using 'hibernate.dialect' (remove the property setting and it will be selected by default)
2026-08-02 22:27:11.619 [main] INFO  o.h.e.t.j.p.i.JtaPlatformInitiator - HHH000489: No JTA platform available (set 'hibernate.transaction.jta.platform' to enable JTA platform integration)
2026-08-02 22:27:11.634 [main] DEBUG org.hibernate.SQL - 
    alter table if exists public.family_members 
       drop constraint if exists FKmbo1rlwk5ub8qo7k1l8q02vj3
Hibernate: 
    alter table if exists public.family_members 
       drop constraint if exists FKmbo1rlwk5ub8qo7k1l8q02vj3
2026-08-02 22:27:11.637 [main] DEBUG org.hibernate.SQL - 
    alter table if exists public.matches 
       drop constraint if exists FK90qwl66l27nhp2y6gv8maqmo6
Hibernate: 
    alter table if exists public.matches 
       drop constraint if exists FK90qwl66l27nhp2y6gv8maqmo6
2026-08-02 22:27:11.637 [main] DEBUG org.hibernate.SQL - 
    alter table if exists public.matches 
       drop constraint if exists FKd4g5coxlna9cnsj0a1icui4es
Hibernate: 
    alter table if exists public.matches 
       drop constraint if exists FKd4g5coxlna9cnsj0a1icui4es
2026-08-02 22:27:11.637 [main] DEBUG org.hibernate.SQL - 
    alter table if exists public.messages 
       drop constraint if exists FKigt65pktmh2tch9d05wyr8dc3
Hibernate: 
    alter table if exists public.messages 
       drop constraint if exists FKigt65pktmh2tch9d05wyr8dc3
2026-08-02 22:27:11.638 [main] DEBUG org.hibernate.SQL - 
    alter table if exists public.messages 
       drop constraint if exists FK79kgt6oyju1ma9ly4qmax5933
Hibernate: 
    alter table if exists public.messages 
       drop constraint if exists FK79kgt6oyju1ma9ly4qmax5933
2026-08-02 22:27:11.638 [main] DEBUG org.hibernate.SQL - 
    alter table if exists public.subscriptions 
       drop constraint if exists FK9dvq3oidaecg05k9t9sgd8ga9
Hibernate: 
    alter table if exists public.subscriptions 
       drop constraint if exists FK9dvq3oidaecg05k9t9sgd8ga9
2026-08-02 22:27:11.638 [main] DEBUG org.hibernate.SQL - 
    alter table if exists public.swipes 
       drop constraint if exists FKlf7k7id5saw812qad81bv8xer
Hibernate: 
    alter table if exists public.swipes 
       drop constraint if exists FKlf7k7id5saw812qad81bv8xer
2026-08-02 22:27:11.638 [main] DEBUG org.hibernate.SQL - 
    alter table if exists public.swipes 
       drop constraint if exists FKsjwf4myub8k0tmyyl5phupoar
Hibernate: 
    alter table if exists public.swipes 
       drop constraint if exists FKsjwf4myub8k0tmyyl5phupoar
2026-08-02 22:27:11.639 [main] DEBUG org.hibernate.SQL - 
    drop table if exists public.family_members cascade
Hibernate: 
    drop table if exists public.family_members cascade
2026-08-02 22:27:11.640 [main] DEBUG org.hibernate.SQL - 
    drop table if exists public.matches cascade
Hibernate: 
    drop table if exists public.matches cascade
2026-08-02 22:27:11.640 [main] DEBUG org.hibernate.SQL - 
    drop table if exists public.messages cascade
Hibernate: 
    drop table if exists public.messages cascade
2026-08-02 22:27:11.640 [main] DEBUG org.hibernate.SQL - 
    drop table if exists public.payments cascade
Hibernate: 
    drop table if exists public.payments cascade
2026-08-02 22:27:11.640 [main] DEBUG org.hibernate.SQL - 
    drop table if exists public.product_catalog cascade
Hibernate: 
    drop table if exists public.product_catalog cascade
2026-08-02 22:27:11.640 [main] DEBUG org.hibernate.SQL - 
    drop table if exists public.profile_kundali cascade
Hibernate: 
    drop table if exists public.profile_kundali cascade
2026-08-02 22:27:11.641 [main] DEBUG org.hibernate.SQL - 
    drop table if exists public.profile_preferences cascade
Hibernate: 
    drop table if exists public.profile_preferences cascade
2026-08-02 22:27:11.642 [main] DEBUG org.hibernate.SQL - 
    drop table if exists public.profiles cascade
Hibernate: 
    drop table if exists public.profiles cascade
2026-08-02 22:27:11.642 [main] DEBUG org.hibernate.SQL - 
    drop table if exists public.subscriptions cascade
Hibernate: 
    drop table if exists public.subscriptions cascade
2026-08-02 22:27:11.642 [main] DEBUG org.hibernate.SQL - 
    drop table if exists public.swipes cascade
Hibernate: 
    drop table if exists public.swipes cascade
2026-08-02 22:27:11.642 [main] DEBUG org.hibernate.SQL - 
    drop table if exists public.user_daily_usage cascade
Hibernate: 
    drop table if exists public.user_daily_usage cascade
2026-08-02 22:27:11.642 [main] DEBUG org.hibernate.SQL - 
    drop table if exists public.user_entitlements cascade
Hibernate: 
    drop table if exists public.user_entitlements cascade
2026-08-02 22:27:11.642 [main] DEBUG org.hibernate.SQL - 
    drop table if exists public.users cascade
Hibernate: 
    drop table if exists public.users cascade
2026-08-02 22:27:11.643 [main] DEBUG org.hibernate.SQL - 
    alter table if exists profile_photos_mapping 
       drop constraint if exists FKalr0iln36sqae7duqfy7k48hw
Hibernate: 
    alter table if exists profile_photos_mapping 
       drop constraint if exists FKalr0iln36sqae7duqfy7k48hw
2026-08-02 22:27:11.643 [main] DEBUG org.hibernate.SQL - 
    drop table if exists profile_photos_mapping cascade
Hibernate: 
    drop table if exists profile_photos_mapping cascade
2026-08-02 22:27:11.643 [main] DEBUG org.hibernate.SQL - 
    drop table if exists user_notifications cascade
Hibernate: 
    drop table if exists user_notifications cascade
2026-08-02 22:27:11.643 [main] DEBUG org.hibernate.SQL - 
    drop type if exists EntitlementKey cascade
Hibernate: 
    drop type if exists EntitlementKey cascade
2026-08-02 22:27:11.646 [main] DEBUG org.hibernate.SQL - 
    create type EntitlementKey as enum ('advanced_filters','extend_chat','extra_like','kundali_access','premium_access','profile_boost','reveal_like','undo_skip')
Hibernate: 
    create type EntitlementKey as enum ('advanced_filters','extend_chat','extra_like','kundali_access','premium_access','profile_boost','reveal_like','undo_skip')
2026-08-02 22:27:11.647 [main] DEBUG org.hibernate.SQL - 
    create cast (varchar as EntitlementKey) with inout as implicit
Hibernate: 
    create cast (varchar as EntitlementKey) with inout as implicit
2026-08-02 22:27:11.649 [main] WARN  o.h.t.s.i.ExceptionHandlerLoggedImpl - GenerationTarget encountered exception accepting command : Error executing DDL "
    create cast (varchar as EntitlementKey) with inout as implicit" via JDBC [Syntax error in SQL statement "\000d\000a    create [*]cast (varchar as EntitlementKey) with inout as implicit"; expected "OR REPLACE, FORCE, VIEW, MATERIALIZED, ALIAS, SEQUENCE, USER, TRIGGER, ROLE, SCHEMA, CONSTANT, DOMAIN, TYPE, AGGREGATE, LINKED, MEMORY, CACHED, LOCAL TEMPORARY, GLOBAL TEMPORARY, TEMPORARY, TABLE, SYNONYM, UNIQUE, SPATIAL, INDEX";]
org.hibernate.tool.schema.spi.CommandAcceptanceException: Error executing DDL "
    create cast (varchar as EntitlementKey) with inout as implicit" via JDBC [Syntax error in SQL statement "\000d\000a    create [*]cast (varchar as EntitlementKey) with inout as implicit"; expected "OR REPLACE, FORCE, VIEW, MATERIALIZED, ALIAS, SEQUENCE, USER, TRIGGER, ROLE, SCHEMA, CONSTANT, DOMAIN, TYPE, AGGREGATE, LINKED, MEMORY, CACHED, LOCAL TEMPORARY, GLOBAL TEMPORARY, TEMPORARY, TABLE, SYNONYM, UNIQUE, SPATIAL, INDEX";]
	at org.hibernate.tool.schema.internal.exec.GenerationTargetToDatabase.accept(GenerationTargetToDatabase.java:94)
	at org.hibernate.tool.schema.internal.Helper.applySqlString(Helper.java:233)
	at org.hibernate.tool.schema.internal.Helper.applySqlStrings(Helper.java:217)
	at org.hibernate.tool.schema.internal.SchemaCreatorImpl.createAuxiliaryObjectsBeforeTables(SchemaCreatorImpl.java:489)
	at org.hibernate.tool.schema.internal.SchemaCreatorImpl.createFromMetadata(SchemaCreatorImpl.java:235)
	at org.hibernate.tool.schema.internal.SchemaCreatorImpl.performCreation(SchemaCreatorImpl.java:172)
	at org.hibernate.tool.schema.internal.SchemaCreatorImpl.doCreation(SchemaCreatorImpl.java:142)
	at org.hibernate.tool.schema.internal.SchemaCreatorImpl.doCreation(SchemaCreatorImpl.java:118)
	at org.hibernate.tool.schema.spi.SchemaManagementToolCoordinator.performDatabaseAction(SchemaManagementToolCoordinator.java:250)
	at org.hibernate.tool.schema.spi.SchemaManagementToolCoordinator.lambda$process$5(SchemaManagementToolCoordinator.java:144)
	at java.base/java.util.HashMap.forEach(HashMap.java:1421)
	at org.hibernate.tool.schema.spi.SchemaManagementToolCoordinator.process(SchemaManagementToolCoordinator.java:141)
	at org.hibernate.boot.internal.SessionFactoryObserverForSchemaExport.sessionFactoryCreated(SessionFactoryObserverForSchemaExport.java:37)
	at org.hibernate.internal.SessionFactoryObserverChain.sessionFactoryCreated(SessionFactoryObserverChain.java:35)
	at org.hibernate.internal.SessionFactoryImpl.<init>(SessionFactoryImpl.java:322)
	at org.hibernate.boot.internal.SessionFactoryBuilderImpl.build(SessionFactoryBuilderImpl.java:457)
	at org.hibernate.jpa.boot.internal.EntityManagerFactoryBuilderImpl.build(EntityManagerFactoryBuilderImpl.java:1506)
	at org.springframework.orm.jpa.vendor.SpringHibernateJpaPersistenceProvider.createContainerEntityManagerFactory(SpringHibernateJpaPersistenceProvider.java:75)
	at org.springframework.orm.jpa.LocalContainerEntityManagerFactoryBean.createNativeEntityManagerFactory(LocalContainerEntityManagerFactoryBean.java:390)
	at org.springframework.orm.jpa.AbstractEntityManagerFactoryBean.buildNativeEntityManagerFactory(AbstractEntityManagerFactoryBean.java:409)
	at org.springframework.orm.jpa.AbstractEntityManagerFactoryBean.afterPropertiesSet(AbstractEntityManagerFactoryBean.java:396)
	at org.springframework.orm.jpa.LocalContainerEntityManagerFactoryBean.afterPropertiesSet(LocalContainerEntityManagerFactoryBean.java:366)
	at org.springframework.beans.factory.support.AbstractAutowireCapableBeanFactory.invokeInitMethods(AbstractAutowireCapableBeanFactory.java:1835)
	at org.springframework.beans.factory.support.AbstractAutowireCapableBeanFactory.initializeBean(AbstractAutowireCapableBeanFactory.java:1784)
	at org.springframework.beans.factory.support.AbstractAutowireCapableBeanFactory.doCreateBean(AbstractAutowireCapableBeanFactory.java:600)
	at org.springframework.beans.factory.support.AbstractAutowireCapableBeanFactory.createBean(AbstractAutowireCapableBeanFactory.java:522)
	at org.springframework.beans.factory.support.AbstractBeanFactory.lambda$doGetBean$0(AbstractBeanFactory.java:337)
	at org.springframework.beans.factory.support.DefaultSingletonBeanRegistry.getSingleton(DefaultSingletonBeanRegistry.java:234)
	at org.springframework.beans.factory.support.AbstractBeanFactory.doGetBean(AbstractBeanFactory.java:335)
	at org.springframework.beans.factory.support.AbstractBeanFactory.getBean(AbstractBeanFactory.java:205)
	at org.springframework.context.support.AbstractApplicationContext.finishBeanFactoryInitialization(AbstractApplicationContext.java:952)
	at org.springframework.context.support.AbstractApplicationContext.refresh(AbstractApplicationContext.java:624)
	at org.springframework.boot.SpringApplication.refresh(SpringApplication.java:754)
	at org.springframework.boot.SpringApplication.refreshContext(SpringApplication.java:456)
	at org.springframework.boot.SpringApplication.run(SpringApplication.java:335)
	at org.springframework.boot.test.context.SpringBootContextLoader.lambda$loadContext$3(SpringBootContextLoader.java:137)
	at org.springframework.util.function.ThrowingSupplier.get(ThrowingSupplier.java:58)
	at org.springframework.util.function.ThrowingSupplier.get(ThrowingSupplier.java:46)
	at org.springframework.boot.SpringApplication.withHook(SpringApplication.java:1463)
	at org.springframework.boot.test.context.SpringBootContextLoader$ContextLoaderHook.run(SpringBootContextLoader.java:553)
	at org.springframework.boot.test.context.SpringBootContextLoader.loadContext(SpringBootContextLoader.java:137)
	at org.springframework.boot.test.context.SpringBootContextLoader.loadContext(SpringBootContextLoader.java:108)
	at org.springframework.test.context.cache.DefaultCacheAwareContextLoaderDelegate.loadContextInternal(DefaultCacheAwareContextLoaderDelegate.java:225)
	at org.springframework.test.context.cache.DefaultCacheAwareContextLoaderDelegate.loadContext(DefaultCacheAwareContextLoaderDelegate.java:152)
	at org.springframework.test.context.support.DefaultTestContext.getApplicationContext(DefaultTestContext.java:130)
	at org.springframework.test.context.support.DependencyInjectionTestExecutionListener.injectDependencies(DependencyInjectionTestExecutionListener.java:142)
	at org.springframework.test.context.support.DependencyInjectionTestExecutionListener.prepareTestInstance(DependencyInjectionTestExecutionListener.java:98)
	at org.springframework.test.context.TestContextManager.prepareTestInstance(TestContextManager.java:260)
	at org.springframework.test.context.junit.jupiter.SpringExtension.postProcessTestInstance(SpringExtension.java:163)
	at org.junit.jupiter.engine.descriptor.ClassBasedTestDescriptor.lambda$invokeTestInstancePostProcessors$10(ClassBasedTestDescriptor.java:378)
	at org.junit.jupiter.engine.descriptor.ClassBasedTestDescriptor.executeAndMaskThrowable(ClassBasedTestDescriptor.java:383)
	at org.junit.jupiter.engine.descriptor.ClassBasedTestDescriptor.lambda$invokeTestInstancePostProcessors$11(ClassBasedTestDescriptor.java:378)
	at java.base/java.util.stream.ReferencePipeline$3$1.accept(ReferencePipeline.java:197)
	at java.base/java.util.stream.ReferencePipeline$2$1.accept(ReferencePipeline.java:179)
	at java.base/java.util.ArrayList$ArrayListSpliterator.forEachRemaining(ArrayList.java:1625)
	at java.base/java.util.stream.AbstractPipeline.copyInto(AbstractPipeline.java:509)
	at java.base/java.util.stream.AbstractPipeline.wrapAndCopyInto(AbstractPipeline.java:499)
	at java.base/java.util.stream.StreamSpliterators$WrappingSpliterator.forEachRemaining(StreamSpliterators.java:310)
	at java.base/java.util.stream.Streams$ConcatSpliterator.forEachRemaining(Streams.java:735)
	at java.base/java.util.stream.Streams$ConcatSpliterator.forEachRemaining(Streams.java:734)
	at java.base/java.util.stream.ReferencePipeline$Head.forEach(ReferencePipeline.java:762)
	at org.junit.jupiter.engine.descriptor.ClassBasedTestDescriptor.invokeTestInstancePostProcessors(ClassBasedTestDescriptor.java:377)
	at org.junit.jupiter.engine.descriptor.ClassBasedTestDescriptor.lambda$instantiateAndPostProcessTestInstance$6(ClassBasedTestDescriptor.java:290)
	at org.junit.platform.engine.support.hierarchical.ThrowableCollector.execute(ThrowableCollector.java:73)
	at org.junit.jupiter.engine.descriptor.ClassBasedTestDescriptor.instantiateAndPostProcessTestInstance(ClassBasedTestDescriptor.java:289)
	at org.junit.jupiter.engine.descriptor.ClassBasedTestDescriptor.lambda$testInstancesProvider$4(ClassBasedTestDescriptor.java:279)
	at java.base/java.util.Optional.orElseGet(Optional.java:364)
	at org.junit.jupiter.engine.descriptor.ClassBasedTestDescriptor.lambda$testInstancesProvider$5(ClassBasedTestDescriptor.java:278)
	at org.junit.jupiter.engine.execution.TestInstancesProvider.getTestInstances(TestInstancesProvider.java:31)
	at org.junit.jupiter.engine.descriptor.TestMethodTestDescriptor.lambda$prepare$0(TestMethodTestDescriptor.java:106)
	at org.junit.platform.engine.support.hierarchical.ThrowableCollector.execute(ThrowableCollector.java:73)
	at org.junit.jupiter.engine.descriptor.TestMethodTestDescriptor.prepare(TestMethodTestDescriptor.java:105)
	at org.junit.jupiter.engine.descriptor.TestMethodTestDescriptor.prepare(TestMethodTestDescriptor.java:69)
	at org.junit.platform.engine.support.hierarchical.NodeTestTask.lambda$prepare$2(NodeTestTask.java:123)
	at org.junit.platform.engine.support.hierarchical.ThrowableCollector.execute(ThrowableCollector.java:73)
	at org.junit.platform.engine.support.hierarchical.NodeTestTask.prepare(NodeTestTask.java:123)
	at org.junit.platform.engine.support.hierarchical.NodeTestTask.execute(NodeTestTask.java:90)
	at java.base/java.util.ArrayList.forEach(ArrayList.java:1511)
	at org.junit.platform.engine.support.hierarchical.SameThreadHierarchicalTestExecutorService.invokeAll(SameThreadHierarchicalTestExecutorService.java:41)
	at org.junit.platform.engine.support.hierarchical.NodeTestTask.lambda$executeRecursively$6(NodeTestTask.java:155)
	at org.junit.platform.engine.support.hierarchical.ThrowableCollector.execute(ThrowableCollector.java:73)
	at org.junit.platform.engine.support.hierarchical.NodeTestTask.lambda$executeRecursively$8(NodeTestTask.java:141)
	at org.junit.platform.engine.support.hierarchical.Node.around(Node.java:137)
	at org.junit.platform.engine.support.hierarchical.NodeTestTask.lambda$executeRecursively$9(NodeTestTask.java:139)
	at org.junit.platform.engine.support.hierarchical.ThrowableCollector.execute(ThrowableCollector.java:73)
	at org.junit.platform.engine.support.hierarchical.NodeTestTask.executeRecursively(NodeTestTask.java:138)
	at org.junit.platform.engine.support.hierarchical.NodeTestTask.execute(NodeTestTask.java:95)
	at java.base/java.util.ArrayList.forEach(ArrayList.java:1511)
	at org.junit.platform.engine.support.hierarchical.SameThreadHierarchicalTestExecutorService.invokeAll(SameThreadHierarchicalTestExecutorService.java:41)
	at org.junit.platform.engine.support.hierarchical.NodeTestTask.lambda$executeRecursively$6(NodeTestTask.java:155)
	at org.junit.platform.engine.support.hierarchical.ThrowableCollector.execute(ThrowableCollector.java:73)
	at org.junit.platform.engine.support.hierarchical.NodeTestTask.lambda$executeRecursively$8(NodeTestTask.java:141)
	at org.junit.platform.engine.support.hierarchical.Node.around(Node.java:137)
	at org.junit.platform.engine.support.hierarchical.NodeTestTask.lambda$executeRecursively$9(NodeTestTask.java:139)
	at org.junit.platform.engine.support.hierarchical.ThrowableCollector.execute(ThrowableCollector.java:73)
	at org.junit.platform.engine.support.hierarchical.NodeTestTask.executeRecursively(NodeTestTask.java:138)
	at org.junit.platform.engine.support.hierarchical.NodeTestTask.execute(NodeTestTask.java:95)
	at org.junit.platform.engine.support.hierarchical.SameThreadHierarchicalTestExecutorService.submit(SameThreadHierarchicalTestExecutorService.java:35)
	at org.junit.platform.engine.support.hierarchical.HierarchicalTestExecutor.execute(HierarchicalTestExecutor.java:57)
	at org.junit.platform.engine.support.hierarchical.HierarchicalTestEngine.execute(HierarchicalTestEngine.java:54)
	at org.junit.platform.launcher.core.EngineExecutionOrchestrator.execute(EngineExecutionOrchestrator.java:198)
	at org.junit.platform.launcher.core.EngineExecutionOrchestrator.execute(EngineExecutionOrchestrator.java:169)
	at org.junit.platform.launcher.core.EngineExecutionOrchestrator.execute(EngineExecutionOrchestrator.java:93)
	at org.junit.platform.launcher.core.EngineExecutionOrchestrator.lambda$execute$0(EngineExecutionOrchestrator.java:58)
	at org.junit.platform.launcher.core.EngineExecutionOrchestrator.withInterceptedStreams(EngineExecutionOrchestrator.java:141)
	at org.junit.platform.launcher.core.EngineExecutionOrchestrator.execute(EngineExecutionOrchestrator.java:57)
	at org.junit.platform.launcher.core.DefaultLauncher.execute(DefaultLauncher.java:103)
	at org.junit.platform.launcher.core.DefaultLauncher.execute(DefaultLauncher.java:85)
	at org.junit.platform.launcher.core.DelegatingLauncher.execute(DelegatingLauncher.java:47)
	at org.apache.maven.surefire.junitplatform.LazyLauncher.execute(LazyLauncher.java:56)
	at org.apache.maven.surefire.junitplatform.JUnitPlatformProvider.execute(JUnitPlatformProvider.java:184)
	at org.apache.maven.surefire.junitplatform.JUnitPlatformProvider.invokeAllTests(JUnitPlatformProvider.java:148)
	at org.apache.maven.surefire.junitplatform.JUnitPlatformProvider.invoke(JUnitPlatformProvider.java:122)
	at org.apache.maven.surefire.booter.ForkedBooter.runSuitesInProcess(ForkedBooter.java:385)
	at org.apache.maven.surefire.booter.ForkedBooter.execute(ForkedBooter.java:162)
	at org.apache.maven.surefire.booter.ForkedBooter.run(ForkedBooter.java:507)
	at org.apache.maven.surefire.booter.ForkedBooter.main(ForkedBooter.java:495)
Caused by: org.h2.jdbc.JdbcSQLSyntaxErrorException: Syntax error in SQL statement "\000d\000a    create [*]cast (varchar as EntitlementKey) with inout as implicit"; expected "OR REPLACE, FORCE, VIEW, MATERIALIZED, ALIAS, SEQUENCE, USER, TRIGGER, ROLE, SCHEMA, CONSTANT, DOMAIN, TYPE, AGGREGATE, LINKED, MEMORY, CACHED, LOCAL TEMPORARY, GLOBAL TEMPORARY, TEMPORARY, TABLE, SYNONYM, UNIQUE, SPATIAL, INDEX"; SQL statement:

    create cast (varchar as EntitlementKey) with inout as implicit [42001-224]
	at org.h2.message.DbException.getJdbcSQLException(DbException.java:514)
	at org.h2.message.DbException.getJdbcSQLException(DbException.java:489)
	at org.h2.message.DbException.getSyntaxError(DbException.java:261)
	at org.h2.command.ParserBase.getSyntaxError(ParserBase.java:750)
	at org.h2.command.ParserBase.read(ParserBase.java:349)
	at org.h2.command.Parser.parseCreate(Parser.java:6433)
	at org.h2.command.Parser.parsePrepared(Parser.java:666)
	at org.h2.command.Parser.parse(Parser.java:592)
	at org.h2.command.Parser.parse(Parser.java:569)
	at org.h2.command.Parser.prepareCommand(Parser.java:483)
	at org.h2.engine.SessionLocal.prepareLocal(SessionLocal.java:639)
	at org.h2.engine.SessionLocal.prepareCommand(SessionLocal.java:559)
	at org.h2.jdbc.JdbcConnection.prepareCommand(JdbcConnection.java:1166)
	at org.h2.jdbc.JdbcStatement.executeInternal(JdbcStatement.java:245)
	at org.h2.jdbc.JdbcStatement.execute(JdbcStatement.java:231)
	at org.hibernate.tool.schema.internal.exec.GenerationTargetToDatabase.accept(GenerationTargetToDatabase.java:80)
	... 116 common frames omitted
2026-08-02 22:27:11.652 [main] DEBUG org.hibernate.SQL - 
    create cast (EntitlementKey as varchar) with inout as implicit
Hibernate: 
    create cast (EntitlementKey as varchar) with inout as implicit
2026-08-02 22:27:11.652 [main] WARN  o.h.t.s.i.ExceptionHandlerLoggedImpl - GenerationTarget encountered exception accepting command : Error executing DDL "
    create cast (EntitlementKey as varchar) with inout as implicit" via JDBC [Syntax error in SQL statement "\000d\000a    create [*]cast (EntitlementKey as varchar) with inout as implicit"; expected "OR REPLACE, FORCE, VIEW, MATERIALIZED, ALIAS, SEQUENCE, USER, TRIGGER, ROLE, SCHEMA, CONSTANT, DOMAIN, TYPE, AGGREGATE, LINKED, MEMORY, CACHED, LOCAL TEMPORARY, GLOBAL TEMPORARY, TEMPORARY, TABLE, SYNONYM, UNIQUE, SPATIAL, INDEX";]
org.hibernate.tool.schema.spi.CommandAcceptanceException: Error executing DDL "
    create cast (EntitlementKey as varchar) with inout as implicit" via JDBC [Syntax error in SQL statement "\000d\000a    create [*]cast (EntitlementKey as varchar) with inout as implicit"; expected "OR REPLACE, FORCE, VIEW, MATERIALIZED, ALIAS, SEQUENCE, USER, TRIGGER, ROLE, SCHEMA, CONSTANT, DOMAIN, TYPE, AGGREGATE, LINKED, MEMORY, CACHED, LOCAL TEMPORARY, GLOBAL TEMPORARY, TEMPORARY, TABLE, SYNONYM, UNIQUE, SPATIAL, INDEX";]
	at org.hibernate.tool.schema.internal.exec.GenerationTargetToDatabase.accept(GenerationTargetToDatabase.java:94)
	at org.hibernate.tool.schema.internal.Helper.applySqlString(Helper.java:233)
	at org.hibernate.tool.schema.internal.Helper.applySqlStrings(Helper.java:217)
	at org.hibernate.tool.schema.internal.SchemaCreatorImpl.createAuxiliaryObjectsBeforeTables(SchemaCreatorImpl.java:489)
	at org.hibernate.tool.schema.internal.SchemaCreatorImpl.createFromMetadata(SchemaCreatorImpl.java:235)
	at org.hibernate.tool.schema.internal.SchemaCreatorImpl.performCreation(SchemaCreatorImpl.java:172)
	at org.hibernate.tool.schema.internal.SchemaCreatorImpl.doCreation(SchemaCreatorImpl.java:142)
	at org.hibernate.tool.schema.internal.SchemaCreatorImpl.doCreation(SchemaCreatorImpl.java:118)
	at org.hibernate.tool.schema.spi.SchemaManagementToolCoordinator.performDatabaseAction(SchemaManagementToolCoordinator.java:250)
	at org.hibernate.tool.schema.spi.SchemaManagementToolCoordinator.lambda$process$5(SchemaManagementToolCoordinator.java:144)
	at java.base/java.util.HashMap.forEach(HashMap.java:1421)
	at org.hibernate.tool.schema.spi.SchemaManagementToolCoordinator.process(SchemaManagementToolCoordinator.java:141)
	at org.hibernate.boot.internal.SessionFactoryObserverForSchemaExport.sessionFactoryCreated(SessionFactoryObserverForSchemaExport.java:37)
	at org.hibernate.internal.SessionFactoryObserverChain.sessionFactoryCreated(SessionFactoryObserverChain.java:35)
	at org.hibernate.internal.SessionFactoryImpl.<init>(SessionFactoryImpl.java:322)
	at org.hibernate.boot.internal.SessionFactoryBuilderImpl.build(SessionFactoryBuilderImpl.java:457)
	at org.hibernate.jpa.boot.internal.EntityManagerFactoryBuilderImpl.build(EntityManagerFactoryBuilderImpl.java:1506)
	at org.springframework.orm.jpa.vendor.SpringHibernateJpaPersistenceProvider.createContainerEntityManagerFactory(SpringHibernateJpaPersistenceProvider.java:75)
	at org.springframework.orm.jpa.LocalContainerEntityManagerFactoryBean.createNativeEntityManagerFactory(LocalContainerEntityManagerFactoryBean.java:390)
	at org.springframework.orm.jpa.AbstractEntityManagerFactoryBean.buildNativeEntityManagerFactory(AbstractEntityManagerFactoryBean.java:409)
	at org.springframework.orm.jpa.AbstractEntityManagerFactoryBean.afterPropertiesSet(AbstractEntityManagerFactoryBean.java:396)
	at org.springframework.orm.jpa.LocalContainerEntityManagerFactoryBean.afterPropertiesSet(LocalContainerEntityManagerFactoryBean.java:366)
	at org.springframework.beans.factory.support.AbstractAutowireCapableBeanFactory.invokeInitMethods(AbstractAutowireCapableBeanFactory.java:1835)
	at org.springframework.beans.factory.support.AbstractAutowireCapableBeanFactory.initializeBean(AbstractAutowireCapableBeanFactory.java:1784)
	at org.springframework.beans.factory.support.AbstractAutowireCapableBeanFactory.doCreateBean(AbstractAutowireCapableBeanFactory.java:600)
	at org.springframework.beans.factory.support.AbstractAutowireCapableBeanFactory.createBean(AbstractAutowireCapableBeanFactory.java:522)
	at org.springframework.beans.factory.support.AbstractBeanFactory.lambda$doGetBean$0(AbstractBeanFactory.java:337)
	at org.springframework.beans.factory.support.DefaultSingletonBeanRegistry.getSingleton(DefaultSingletonBeanRegistry.java:234)
	at org.springframework.beans.factory.support.AbstractBeanFactory.doGetBean(AbstractBeanFactory.java:335)
	at org.springframework.beans.factory.support.AbstractBeanFactory.getBean(AbstractBeanFactory.java:205)
	at org.springframework.context.support.AbstractApplicationContext.finishBeanFactoryInitialization(AbstractApplicationContext.java:952)
	at org.springframework.context.support.AbstractApplicationContext.refresh(AbstractApplicationContext.java:624)
	at org.springframework.boot.SpringApplication.refresh(SpringApplication.java:754)
	at org.springframework.boot.SpringApplication.refreshContext(SpringApplication.java:456)
	at org.springframework.boot.SpringApplication.run(SpringApplication.java:335)
	at org.springframework.boot.test.context.SpringBootContextLoader.lambda$loadContext$3(SpringBootContextLoader.java:137)
	at org.springframework.util.function.ThrowingSupplier.get(ThrowingSupplier.java:58)
	at org.springframework.util.function.ThrowingSupplier.get(ThrowingSupplier.java:46)
	at org.springframework.boot.SpringApplication.withHook(SpringApplication.java:1463)
	at org.springframework.boot.test.context.SpringBootContextLoader$ContextLoaderHook.run(SpringBootContextLoader.java:553)
	at org.springframework.boot.test.context.SpringBootContextLoader.loadContext(SpringBootContextLoader.java:137)
	at org.springframework.boot.test.context.SpringBootContextLoader.loadContext(SpringBootContextLoader.java:108)
	at org.springframework.test.context.cache.DefaultCacheAwareContextLoaderDelegate.loadContextInternal(DefaultCacheAwareContextLoaderDelegate.java:225)
	at org.springframework.test.context.cache.DefaultCacheAwareContextLoaderDelegate.loadContext(DefaultCacheAwareContextLoaderDelegate.java:152)
	at org.springframework.test.context.support.DefaultTestContext.getApplicationContext(DefaultTestContext.java:130)
	at org.springframework.test.context.support.DependencyInjectionTestExecutionListener.injectDependencies(DependencyInjectionTestExecutionListener.java:142)
	at org.springframework.test.context.support.DependencyInjectionTestExecutionListener.prepareTestInstance(DependencyInjectionTestExecutionListener.java:98)
	at org.springframework.test.context.TestContextManager.prepareTestInstance(TestContextManager.java:260)
	at org.springframework.test.context.junit.jupiter.SpringExtension.postProcessTestInstance(SpringExtension.java:163)
	at org.junit.jupiter.engine.descriptor.ClassBasedTestDescriptor.lambda$invokeTestInstancePostProcessors$10(ClassBasedTestDescriptor.java:378)
	at org.junit.jupiter.engine.descriptor.ClassBasedTestDescriptor.executeAndMaskThrowable(ClassBasedTestDescriptor.java:383)
	at org.junit.jupiter.engine.descriptor.ClassBasedTestDescriptor.lambda$invokeTestInstancePostProcessors$11(ClassBasedTestDescriptor.java:378)
	at java.base/java.util.stream.ReferencePipeline$3$1.accept(ReferencePipeline.java:197)
	at java.base/java.util.stream.ReferencePipeline$2$1.accept(ReferencePipeline.java:179)
	at java.base/java.util.ArrayList$ArrayListSpliterator.forEachRemaining(ArrayList.java:1625)
	at java.base/java.util.stream.AbstractPipeline.copyInto(AbstractPipeline.java:509)
	at java.base/java.util.stream.AbstractPipeline.wrapAndCopyInto(AbstractPipeline.java:499)
	at java.base/java.util.stream.StreamSpliterators$WrappingSpliterator.forEachRemaining(StreamSpliterators.java:310)
	at java.base/java.util.stream.Streams$ConcatSpliterator.forEachRemaining(Streams.java:735)
	at java.base/java.util.stream.Streams$ConcatSpliterator.forEachRemaining(Streams.java:734)
	at java.base/java.util.stream.ReferencePipeline$Head.forEach(ReferencePipeline.java:762)
	at org.junit.jupiter.engine.descriptor.ClassBasedTestDescriptor.invokeTestInstancePostProcessors(ClassBasedTestDescriptor.java:377)
	at org.junit.jupiter.engine.descriptor.ClassBasedTestDescriptor.lambda$instantiateAndPostProcessTestInstance$6(ClassBasedTestDescriptor.java:290)
	at org.junit.platform.engine.support.hierarchical.ThrowableCollector.execute(ThrowableCollector.java:73)
	at org.junit.jupiter.engine.descriptor.ClassBasedTestDescriptor.instantiateAndPostProcessTestInstance(ClassBasedTestDescriptor.java:289)
	at org.junit.jupiter.engine.descriptor.ClassBasedTestDescriptor.lambda$testInstancesProvider$4(ClassBasedTestDescriptor.java:279)
	at java.base/java.util.Optional.orElseGet(Optional.java:364)
	at org.junit.jupiter.engine.descriptor.ClassBasedTestDescriptor.lambda$testInstancesProvider$5(ClassBasedTestDescriptor.java:278)
	at org.junit.jupiter.engine.execution.TestInstancesProvider.getTestInstances(TestInstancesProvider.java:31)
	at org.junit.jupiter.engine.descriptor.TestMethodTestDescriptor.lambda$prepare$0(TestMethodTestDescriptor.java:106)
	at org.junit.platform.engine.support.hierarchical.ThrowableCollector.execute(ThrowableCollector.java:73)
	at org.junit.jupiter.engine.descriptor.TestMethodTestDescriptor.prepare(TestMethodTestDescriptor.java:105)
	at org.junit.jupiter.engine.descriptor.TestMethodTestDescriptor.prepare(TestMethodTestDescriptor.java:69)
	at org.junit.platform.engine.support.hierarchical.NodeTestTask.lambda$prepare$2(NodeTestTask.java:123)
	at org.junit.platform.engine.support.hierarchical.ThrowableCollector.execute(ThrowableCollector.java:73)
	at org.junit.platform.engine.support.hierarchical.NodeTestTask.prepare(NodeTestTask.java:123)
	at org.junit.platform.engine.support.hierarchical.NodeTestTask.execute(NodeTestTask.java:90)
	at java.base/java.util.ArrayList.forEach(ArrayList.java:1511)
	at org.junit.platform.engine.support.hierarchical.SameThreadHierarchicalTestExecutorService.invokeAll(SameThreadHierarchicalTestExecutorService.java:41)
	at org.junit.platform.engine.support.hierarchical.NodeTestTask.lambda$executeRecursively$6(NodeTestTask.java:155)
	at org.junit.platform.engine.support.hierarchical.ThrowableCollector.execute(ThrowableCollector.java:73)
	at org.junit.platform.engine.support.hierarchical.NodeTestTask.lambda$executeRecursively$8(NodeTestTask.java:141)
	at org.junit.platform.engine.support.hierarchical.Node.around(Node.java:137)
	at org.junit.platform.engine.support.hierarchical.NodeTestTask.lambda$executeRecursively$9(NodeTestTask.java:139)
	at org.junit.platform.engine.support.hierarchical.ThrowableCollector.execute(ThrowableCollector.java:73)
	at org.junit.platform.engine.support.hierarchical.NodeTestTask.executeRecursively(NodeTestTask.java:138)
	at org.junit.platform.engine.support.hierarchical.NodeTestTask.execute(NodeTestTask.java:95)
	at java.base/java.util.ArrayList.forEach(ArrayList.java:1511)
	at org.junit.platform.engine.support.hierarchical.SameThreadHierarchicalTestExecutorService.invokeAll(SameThreadHierarchicalTestExecutorService.java:41)
	at org.junit.platform.engine.support.hierarchical.NodeTestTask.lambda$executeRecursively$6(NodeTestTask.java:155)
	at org.junit.platform.engine.support.hierarchical.ThrowableCollector.execute(ThrowableCollector.java:73)
	at org.junit.platform.engine.support.hierarchical.NodeTestTask.lambda$executeRecursively$8(NodeTestTask.java:141)
	at org.junit.platform.engine.support.hierarchical.Node.around(Node.java:137)
	at org.junit.platform.engine.support.hierarchical.NodeTestTask.lambda$executeRecursively$9(NodeTestTask.java:139)
	at org.junit.platform.engine.support.hierarchical.ThrowableCollector.execute(ThrowableCollector.java:73)
	at org.junit.platform.engine.support.hierarchical.NodeTestTask.executeRecursively(NodeTestTask.java:138)
	at org.junit.platform.engine.support.hierarchical.NodeTestTask.execute(NodeTestTask.java:95)
	at org.junit.platform.engine.support.hierarchical.SameThreadHierarchicalTestExecutorService.submit(SameThreadHierarchicalTestExecutorService.java:35)
	at org.junit.platform.engine.support.hierarchical.HierarchicalTestExecutor.execute(HierarchicalTestExecutor.java:57)
	at org.junit.platform.engine.support.hierarchical.HierarchicalTestEngine.execute(HierarchicalTestEngine.java:54)
	at org.junit.platform.launcher.core.EngineExecutionOrchestrator.execute(EngineExecutionOrchestrator.java:198)
	at org.junit.platform.launcher.core.EngineExecutionOrchestrator.execute(EngineExecutionOrchestrator.java:169)
	at org.junit.platform.launcher.core.EngineExecutionOrchestrator.execute(EngineExecutionOrchestrator.java:93)
	at org.junit.platform.launcher.core.EngineExecutionOrchestrator.lambda$execute$0(EngineExecutionOrchestrator.java:58)
	at org.junit.platform.launcher.core.EngineExecutionOrchestrator.withInterceptedStreams(EngineExecutionOrchestrator.java:141)
	at org.junit.platform.launcher.core.EngineExecutionOrchestrator.execute(EngineExecutionOrchestrator.java:57)
	at org.junit.platform.launcher.core.DefaultLauncher.execute(DefaultLauncher.java:103)
	at org.junit.platform.launcher.core.DefaultLauncher.execute(DefaultLauncher.java:85)
	at org.junit.platform.launcher.core.DelegatingLauncher.execute(DelegatingLauncher.java:47)
	at org.apache.maven.surefire.junitplatform.LazyLauncher.execute(LazyLauncher.java:56)
	at org.apache.maven.surefire.junitplatform.JUnitPlatformProvider.execute(JUnitPlatformProvider.java:184)
	at org.apache.maven.surefire.junitplatform.JUnitPlatformProvider.invokeAllTests(JUnitPlatformProvider.java:148)
	at org.apache.maven.surefire.junitplatform.JUnitPlatformProvider.invoke(JUnitPlatformProvider.java:122)
	at org.apache.maven.surefire.booter.ForkedBooter.runSuitesInProcess(ForkedBooter.java:385)
	at org.apache.maven.surefire.booter.ForkedBooter.execute(ForkedBooter.java:162)
	at org.apache.maven.surefire.booter.ForkedBooter.run(ForkedBooter.java:507)
	at org.apache.maven.surefire.booter.ForkedBooter.main(ForkedBooter.java:495)
Caused by: org.h2.jdbc.JdbcSQLSyntaxErrorException: Syntax error in SQL statement "\000d\000a    create [*]cast (EntitlementKey as varchar) with inout as implicit"; expected "OR REPLACE, FORCE, VIEW, MATERIALIZED, ALIAS, SEQUENCE, USER, TRIGGER, ROLE, SCHEMA, CONSTANT, DOMAIN, TYPE, AGGREGATE, LINKED, MEMORY, CACHED, LOCAL TEMPORARY, GLOBAL TEMPORARY, TEMPORARY, TABLE, SYNONYM, UNIQUE, SPATIAL, INDEX"; SQL statement:

    create cast (EntitlementKey as varchar) with inout as implicit [42001-224]
	at org.h2.message.DbException.getJdbcSQLException(DbException.java:514)
	at org.h2.message.DbException.getJdbcSQLException(DbException.java:489)
	at org.h2.message.DbException.getSyntaxError(DbException.java:261)
	at org.h2.command.ParserBase.getSyntaxError(ParserBase.java:750)
	at org.h2.command.ParserBase.read(ParserBase.java:349)
	at org.h2.command.Parser.parseCreate(Parser.java:6433)
	at org.h2.command.Parser.parsePrepared(Parser.java:666)
	at org.h2.command.Parser.parse(Parser.java:592)
	at org.h2.command.Parser.parse(Parser.java:569)
	at org.h2.command.Parser.prepareCommand(Parser.java:483)
	at org.h2.engine.SessionLocal.prepareLocal(SessionLocal.java:639)
	at org.h2.engine.SessionLocal.prepareCommand(SessionLocal.java:559)
	at org.h2.jdbc.JdbcConnection.prepareCommand(JdbcConnection.java:1166)
	at org.h2.jdbc.JdbcStatement.executeInternal(JdbcStatement.java:245)
	at org.h2.jdbc.JdbcStatement.execute(JdbcStatement.java:231)
	at org.hibernate.tool.schema.internal.exec.GenerationTargetToDatabase.accept(GenerationTargetToDatabase.java:80)
	... 116 common frames omitted
2026-08-02 22:27:11.656 [main] DEBUG org.hibernate.SQL - 
    create table public.family_members (
        can_veto_matches boolean not null,
        is_approved boolean not null,
        created_at timestamp(6) not null,
        guardian_email varchar(255) not null,
        guardian_phone varchar(255),
        id varchar(255) not null,
        relationship varchar(255) not null check (relationship in ('father','mother','sibling','uncle','aunt','other')),
        user_id varchar(255) not null,
        primary key (id),
        unique (user_id, guardian_email)
    )
Hibernate: 
    create table public.family_members (
        can_veto_matches boolean not null,
        is_approved boolean not null,
        created_at timestamp(6) not null,
        guardian_email varchar(255) not null,
        guardian_phone varchar(255),
        id varchar(255) not null,
        relationship varchar(255) not null check (relationship in ('father','mother','sibling','uncle','aunt','other')),
        user_id varchar(255) not null,
        primary key (id),
        unique (user_id, guardian_email)
    )
2026-08-02 22:27:11.666 [main] DEBUG org.hibernate.SQL - 
    create table public.matches (
        is_game_night boolean,
        created_at timestamp(6) not null,
        expires_at timestamp(6),
        status varchar(32),
        id varchar(255) not null,
        user_one_id varchar(255) not null,
        user_two_id varchar(255) not null,
        primary key (id),
        unique (user_one_id, user_two_id)
    )
Hibernate: 
    create table public.matches (
        is_game_night boolean,
        created_at timestamp(6) not null,
        expires_at timestamp(6),
        status varchar(32),
        id varchar(255) not null,
        user_one_id varchar(255) not null,
        user_two_id varchar(255) not null,
        primary key (id),
        unique (user_one_id, user_two_id)
    )
2026-08-02 22:27:11.668 [main] DEBUG org.hibernate.SQL - 
    create table public.messages (
        is_read boolean not null,
        created_at timestamp(6) not null,
        content text not null,
        id varchar(255) not null,
        match_id varchar(255) not null,
        sender_id varchar(255) not null,
        primary key (id)
    )
Hibernate: 
    create table public.messages (
        is_read boolean not null,
        created_at timestamp(6) not null,
        content text not null,
        id varchar(255) not null,
        match_id varchar(255) not null,
        sender_id varchar(255) not null,
        primary key (id)
    )
2026-08-02 22:27:11.669 [main] DEBUG org.hibernate.SQL - 
    create table public.payments (
        currency varchar(3) not null,
        amount bigint not null,
        created_at timestamp(6) not null,
        refunded_amount bigint,
        refunded_at timestamp(6),
        updated_at timestamp(6) not null,
        product_id varchar(64),
        description varchar(200),
        refund_reason varchar(200),
        id varchar(255) not null,
        refund_id varchar(255),
        status varchar(255) not null check (status in ('PENDING','SUCCEEDED','FAILED','PARTIALLY_REFUNDED','REFUNDED')),
        stripe_payment_intent_id varchar(255) not null unique,
        user_id varchar(255) not null,
        metadata jsonb,
        primary key (id)
    )
Hibernate: 
    create table public.payments (
        currency varchar(3) not null,
        amount bigint not null,
        created_at timestamp(6) not null,
        refunded_amount bigint,
        refunded_at timestamp(6),
        updated_at timestamp(6) not null,
        product_id varchar(64),
        description varchar(200),
        refund_reason varchar(200),
        id varchar(255) not null,
        refund_id varchar(255),
        status varchar(255) not null check (status in ('PENDING','SUCCEEDED','FAILED','PARTIALLY_REFUNDED','REFUNDED')),
        stripe_payment_intent_id varchar(255) not null unique,
        user_id varchar(255) not null,
        metadata jsonb,
        primary key (id)
    )
2026-08-02 22:27:11.669 [main] WARN  o.h.t.s.i.ExceptionHandlerLoggedImpl - GenerationTarget encountered exception accepting command : Error executing DDL "
    create table public.payments (
        currency varchar(3) not null,
        amount bigint not null,
        created_at timestamp(6) not null,
        refunded_amount bigint,
        refunded_at timestamp(6),
        updated_at timestamp(6) not null,
        product_id varchar(64),
        description varchar(200),
        refund_reason varchar(200),
        id varchar(255) not null,
        refund_id varchar(255),
        status varchar(255) not null check (status in ('PENDING','SUCCEEDED','FAILED','PARTIALLY_REFUNDED','REFUNDED')),
        stripe_payment_intent_id varchar(255) not null unique,
        user_id varchar(255) not null,
        metadata jsonb,
        primary key (id)
    )" via JDBC [Unknown data type: "JSONB";]
org.hibernate.tool.schema.spi.CommandAcceptanceException: Error executing DDL "
    create table public.payments (
        currency varchar(3) not null,
        amount bigint not null,
        created_at timestamp(6) not null,
        refunded_amount bigint,
        refunded_at timestamp(6),
        updated_at timestamp(6) not null,
        product_id varchar(64),
        description varchar(200),
        refund_reason varchar(200),
        id varchar(255) not null,
        refund_id varchar(255),
        status varchar(255) not null check (status in ('PENDING','SUCCEEDED','FAILED','PARTIALLY_REFUNDED','REFUNDED')),
        stripe_payment_intent_id varchar(255) not null unique,
        user_id varchar(255) not null,
        metadata jsonb,
        primary key (id)
    )" via JDBC [Unknown data type: "JSONB";]
	at org.hibernate.tool.schema.internal.exec.GenerationTargetToDatabase.accept(GenerationTargetToDatabase.java:94)
	at org.hibernate.tool.schema.internal.Helper.applySqlString(Helper.java:233)
	at org.hibernate.tool.schema.internal.Helper.applySqlStrings(Helper.java:217)
	at org.hibernate.tool.schema.internal.SchemaCreatorImpl.createTables(SchemaCreatorImpl.java:428)
	at org.hibernate.tool.schema.internal.SchemaCreatorImpl.createSequencesTablesConstraints(SchemaCreatorImpl.java:344)
	at org.hibernate.tool.schema.internal.SchemaCreatorImpl.createFromMetadata(SchemaCreatorImpl.java:239)
	at org.hibernate.tool.schema.internal.SchemaCreatorImpl.performCreation(SchemaCreatorImpl.java:172)
	at org.hibernate.tool.schema.internal.SchemaCreatorImpl.doCreation(SchemaCreatorImpl.java:142)
	at org.hibernate.tool.schema.internal.SchemaCreatorImpl.doCreation(SchemaCreatorImpl.java:118)
	at org.hibernate.tool.schema.spi.SchemaManagementToolCoordinator.performDatabaseAction(SchemaManagementToolCoordinator.java:250)
	at org.hibernate.tool.schema.spi.SchemaManagementToolCoordinator.lambda$process$5(SchemaManagementToolCoordinator.java:144)
	at java.base/java.util.HashMap.forEach(HashMap.java:1421)
	at org.hibernate.tool.schema.spi.SchemaManagementToolCoordinator.process(SchemaManagementToolCoordinator.java:141)
	at org.hibernate.boot.internal.SessionFactoryObserverForSchemaExport.sessionFactoryCreated(SessionFactoryObserverForSchemaExport.java:37)
	at org.hibernate.internal.SessionFactoryObserverChain.sessionFactoryCreated(SessionFactoryObserverChain.java:35)
	at org.hibernate.internal.SessionFactoryImpl.<init>(SessionFactoryImpl.java:322)
	at org.hibernate.boot.internal.SessionFactoryBuilderImpl.build(SessionFactoryBuilderImpl.java:457)
	at org.hibernate.jpa.boot.internal.EntityManagerFactoryBuilderImpl.build(EntityManagerFactoryBuilderImpl.java:1506)
	at org.springframework.orm.jpa.vendor.SpringHibernateJpaPersistenceProvider.createContainerEntityManagerFactory(SpringHibernateJpaPersistenceProvider.java:75)
	at org.springframework.orm.jpa.LocalContainerEntityManagerFactoryBean.createNativeEntityManagerFactory(LocalContainerEntityManagerFactoryBean.java:390)
	at org.springframework.orm.jpa.AbstractEntityManagerFactoryBean.buildNativeEntityManagerFactory(AbstractEntityManagerFactoryBean.java:409)
	at org.springframework.orm.jpa.AbstractEntityManagerFactoryBean.afterPropertiesSet(AbstractEntityManagerFactoryBean.java:396)
	at org.springframework.orm.jpa.LocalContainerEntityManagerFactoryBean.afterPropertiesSet(LocalContainerEntityManagerFactoryBean.java:366)
	at org.springframework.beans.factory.support.AbstractAutowireCapableBeanFactory.invokeInitMethods(AbstractAutowireCapableBeanFactory.java:1835)
	at org.springframework.beans.factory.support.AbstractAutowireCapableBeanFactory.initializeBean(AbstractAutowireCapableBeanFactory.java:1784)
	at org.springframework.beans.factory.support.AbstractAutowireCapableBeanFactory.doCreateBean(AbstractAutowireCapableBeanFactory.java:600)
	at org.springframework.beans.factory.support.AbstractAutowireCapableBeanFactory.createBean(AbstractAutowireCapableBeanFactory.java:522)
	at org.springframework.beans.factory.support.AbstractBeanFactory.lambda$doGetBean$0(AbstractBeanFactory.java:337)
	at org.springframework.beans.factory.support.DefaultSingletonBeanRegistry.getSingleton(DefaultSingletonBeanRegistry.java:234)
	at org.springframework.beans.factory.support.AbstractBeanFactory.doGetBean(AbstractBeanFactory.java:335)
	at org.springframework.beans.factory.support.AbstractBeanFactory.getBean(AbstractBeanFactory.java:205)
	at org.springframework.context.support.AbstractApplicationContext.finishBeanFactoryInitialization(AbstractApplicationContext.java:952)
	at org.springframework.context.support.AbstractApplicationContext.refresh(AbstractApplicationContext.java:624)
	at org.springframework.boot.SpringApplication.refresh(SpringApplication.java:754)
	at org.springframework.boot.SpringApplication.refreshContext(SpringApplication.java:456)
	at org.springframework.boot.SpringApplication.run(SpringApplication.java:335)
	at org.springframework.boot.test.context.SpringBootContextLoader.lambda$loadContext$3(SpringBootContextLoader.java:137)
	at org.springframework.util.function.ThrowingSupplier.get(ThrowingSupplier.java:58)
	at org.springframework.util.function.ThrowingSupplier.get(ThrowingSupplier.java:46)
	at org.springframework.boot.SpringApplication.withHook(SpringApplication.java:1463)
	at org.springframework.boot.test.context.SpringBootContextLoader$ContextLoaderHook.run(SpringBootContextLoader.java:553)
	at org.springframework.boot.test.context.SpringBootContextLoader.loadContext(SpringBootContextLoader.java:137)
	at org.springframework.boot.test.context.SpringBootContextLoader.loadContext(SpringBootContextLoader.java:108)
	at org.springframework.test.context.cache.DefaultCacheAwareContextLoaderDelegate.loadContextInternal(DefaultCacheAwareContextLoaderDelegate.java:225)
	at org.springframework.test.context.cache.DefaultCacheAwareContextLoaderDelegate.loadContext(DefaultCacheAwareContextLoaderDelegate.java:152)
	at org.springframework.test.context.support.DefaultTestContext.getApplicationContext(DefaultTestContext.java:130)
	at org.springframework.test.context.support.DependencyInjectionTestExecutionListener.injectDependencies(DependencyInjectionTestExecutionListener.java:142)
	at org.springframework.test.context.support.DependencyInjectionTestExecutionListener.prepareTestInstance(DependencyInjectionTestExecutionListener.java:98)
	at org.springframework.test.context.TestContextManager.prepareTestInstance(TestContextManager.java:260)
	at org.springframework.test.context.junit.jupiter.SpringExtension.postProcessTestInstance(SpringExtension.java:163)
	at org.junit.jupiter.engine.descriptor.ClassBasedTestDescriptor.lambda$invokeTestInstancePostProcessors$10(ClassBasedTestDescriptor.java:378)
	at org.junit.jupiter.engine.descriptor.ClassBasedTestDescriptor.executeAndMaskThrowable(ClassBasedTestDescriptor.java:383)
	at org.junit.jupiter.engine.descriptor.ClassBasedTestDescriptor.lambda$invokeTestInstancePostProcessors$11(ClassBasedTestDescriptor.java:378)
	at java.base/java.util.stream.ReferencePipeline$3$1.accept(ReferencePipeline.java:197)
	at java.base/java.util.stream.ReferencePipeline$2$1.accept(ReferencePipeline.java:179)
	at java.base/java.util.ArrayList$ArrayListSpliterator.forEachRemaining(ArrayList.java:1625)
	at java.base/java.util.stream.AbstractPipeline.copyInto(AbstractPipeline.java:509)
	at java.base/java.util.stream.AbstractPipeline.wrapAndCopyInto(AbstractPipeline.java:499)
	at java.base/java.util.stream.StreamSpliterators$WrappingSpliterator.forEachRemaining(StreamSpliterators.java:310)
	at java.base/java.util.stream.Streams$ConcatSpliterator.forEachRemaining(Streams.java:735)
	at java.base/java.util.stream.Streams$ConcatSpliterator.forEachRemaining(Streams.java:734)
	at java.base/java.util.stream.ReferencePipeline$Head.forEach(ReferencePipeline.java:762)
	at org.junit.jupiter.engine.descriptor.ClassBasedTestDescriptor.invokeTestInstancePostProcessors(ClassBasedTestDescriptor.java:377)
	at org.junit.jupiter.engine.descriptor.ClassBasedTestDescriptor.lambda$instantiateAndPostProcessTestInstance$6(ClassBasedTestDescriptor.java:290)
	at org.junit.platform.engine.support.hierarchical.ThrowableCollector.execute(ThrowableCollector.java:73)
	at org.junit.jupiter.engine.descriptor.ClassBasedTestDescriptor.instantiateAndPostProcessTestInstance(ClassBasedTestDescriptor.java:289)
	at org.junit.jupiter.engine.descriptor.ClassBasedTestDescriptor.lambda$testInstancesProvider$4(ClassBasedTestDescriptor.java:279)
	at java.base/java.util.Optional.orElseGet(Optional.java:364)
	at org.junit.jupiter.engine.descriptor.ClassBasedTestDescriptor.lambda$testInstancesProvider$5(ClassBasedTestDescriptor.java:278)
	at org.junit.jupiter.engine.execution.TestInstancesProvider.getTestInstances(TestInstancesProvider.java:31)
	at org.junit.jupiter.engine.descriptor.TestMethodTestDescriptor.lambda$prepare$0(TestMethodTestDescriptor.java:106)
	at org.junit.platform.engine.support.hierarchical.ThrowableCollector.execute(ThrowableCollector.java:73)
	at org.junit.jupiter.engine.descriptor.TestMethodTestDescriptor.prepare(TestMethodTestDescriptor.java:105)
	at org.junit.jupiter.engine.descriptor.TestMethodTestDescriptor.prepare(TestMethodTestDescriptor.java:69)
	at org.junit.platform.engine.support.hierarchical.NodeTestTask.lambda$prepare$2(NodeTestTask.java:123)
	at org.junit.platform.engine.support.hierarchical.ThrowableCollector.execute(ThrowableCollector.java:73)
	at org.junit.platform.engine.support.hierarchical.NodeTestTask.prepare(NodeTestTask.java:123)
	at org.junit.platform.engine.support.hierarchical.NodeTestTask.execute(NodeTestTask.java:90)
	at java.base/java.util.ArrayList.forEach(ArrayList.java:1511)
	at org.junit.platform.engine.support.hierarchical.SameThreadHierarchicalTestExecutorService.invokeAll(SameThreadHierarchicalTestExecutorService.java:41)
	at org.junit.platform.engine.support.hierarchical.NodeTestTask.lambda$executeRecursively$6(NodeTestTask.java:155)
	at org.junit.platform.engine.support.hierarchical.ThrowableCollector.execute(ThrowableCollector.java:73)
	at org.junit.platform.engine.support.hierarchical.NodeTestTask.lambda$executeRecursively$8(NodeTestTask.java:141)
	at org.junit.platform.engine.support.hierarchical.Node.around(Node.java:137)
	at org.junit.platform.engine.support.hierarchical.NodeTestTask.lambda$executeRecursively$9(NodeTestTask.java:139)
	at org.junit.platform.engine.support.hierarchical.ThrowableCollector.execute(ThrowableCollector.java:73)
	at org.junit.platform.engine.support.hierarchical.NodeTestTask.executeRecursively(NodeTestTask.java:138)
	at org.junit.platform.engine.support.hierarchical.NodeTestTask.execute(NodeTestTask.java:95)
	at java.base/java.util.ArrayList.forEach(ArrayList.java:1511)
	at org.junit.platform.engine.support.hierarchical.SameThreadHierarchicalTestExecutorService.invokeAll(SameThreadHierarchicalTestExecutorService.java:41)
	at org.junit.platform.engine.support.hierarchical.NodeTestTask.lambda$executeRecursively$6(NodeTestTask.java:155)
	at org.junit.platform.engine.support.hierarchical.ThrowableCollector.execute(ThrowableCollector.java:73)
	at org.junit.platform.engine.support.hierarchical.NodeTestTask.lambda$executeRecursively$8(NodeTestTask.java:141)
	at org.junit.platform.engine.support.hierarchical.Node.around(Node.java:137)
	at org.junit.platform.engine.support.hierarchical.NodeTestTask.lambda$executeRecursively$9(NodeTestTask.java:139)
	at org.junit.platform.engine.support.hierarchical.ThrowableCollector.execute(ThrowableCollector.java:73)
	at org.junit.platform.engine.support.hierarchical.NodeTestTask.executeRecursively(NodeTestTask.java:138)
	at org.junit.platform.engine.support.hierarchical.NodeTestTask.execute(NodeTestTask.java:95)
	at org.junit.platform.engine.support.hierarchical.SameThreadHierarchicalTestExecutorService.submit(SameThreadHierarchicalTestExecutorService.java:35)
	at org.junit.platform.engine.support.hierarchical.HierarchicalTestExecutor.execute(HierarchicalTestExecutor.java:57)
	at org.junit.platform.engine.support.hierarchical.HierarchicalTestEngine.execute(HierarchicalTestEngine.java:54)
	at org.junit.platform.launcher.core.EngineExecutionOrchestrator.execute(EngineExecutionOrchestrator.java:198)
	at org.junit.platform.launcher.core.EngineExecutionOrchestrator.execute(EngineExecutionOrchestrator.java:169)
	at org.junit.platform.launcher.core.EngineExecutionOrchestrator.execute(EngineExecutionOrchestrator.java:93)
	at org.junit.platform.launcher.core.EngineExecutionOrchestrator.lambda$execute$0(EngineExecutionOrchestrator.java:58)
	at org.junit.platform.launcher.core.EngineExecutionOrchestrator.withInterceptedStreams(EngineExecutionOrchestrator.java:141)
	at org.junit.platform.launcher.core.EngineExecutionOrchestrator.execute(EngineExecutionOrchestrator.java:57)
	at org.junit.platform.launcher.core.DefaultLauncher.execute(DefaultLauncher.java:103)
	at org.junit.platform.launcher.core.DefaultLauncher.execute(DefaultLauncher.java:85)
	at org.junit.platform.launcher.core.DelegatingLauncher.execute(DelegatingLauncher.java:47)
	at org.apache.maven.surefire.junitplatform.LazyLauncher.execute(LazyLauncher.java:56)
	at org.apache.maven.surefire.junitplatform.JUnitPlatformProvider.execute(JUnitPlatformProvider.java:184)
	at org.apache.maven.surefire.junitplatform.JUnitPlatformProvider.invokeAllTests(JUnitPlatformProvider.java:148)
	at org.apache.maven.surefire.junitplatform.JUnitPlatformProvider.invoke(JUnitPlatformProvider.java:122)
	at org.apache.maven.surefire.booter.ForkedBooter.runSuitesInProcess(ForkedBooter.java:385)
	at org.apache.maven.surefire.booter.ForkedBooter.execute(ForkedBooter.java:162)
	at org.apache.maven.surefire.booter.ForkedBooter.run(ForkedBooter.java:507)
	at org.apache.maven.surefire.booter.ForkedBooter.main(ForkedBooter.java:495)
Caused by: org.h2.jdbc.JdbcSQLNonTransientException: Unknown data type: "JSONB"; SQL statement:

    create table public.payments (
        currency varchar(3) not null,
        amount bigint not null,
        created_at timestamp(6) not null,
        refunded_amount bigint,
        refunded_at timestamp(6),
        updated_at timestamp(6) not null,
        product_id varchar(64),
        description varchar(200),
        refund_reason varchar(200),
        id varchar(255) not null,
        refund_id varchar(255),
        status varchar(255) not null check (status in ('PENDING','SUCCEEDED','FAILED','PARTIALLY_REFUNDED','REFUNDED')),
        stripe_payment_intent_id varchar(255) not null unique,
        user_id varchar(255) not null,
        metadata jsonb,
        primary key (id)
    ) [50004-224]
	at org.h2.message.DbException.getJdbcSQLException(DbException.java:566)
	at org.h2.message.DbException.getJdbcSQLException(DbException.java:489)
	at org.h2.message.DbException.get(DbException.java:223)
	at org.h2.message.DbException.get(DbException.java:199)
	at org.h2.command.Parser.readIfDataType1(Parser.java:5866)
	at org.h2.command.Parser.readIfDataType(Parser.java:5704)
	at org.h2.command.Parser.parseColumnWithType(Parser.java:5686)
	at org.h2.command.Parser.parseColumnForTable(Parser.java:5565)
	at org.h2.command.Parser.parseTableColumnDefinition(Parser.java:8999)
	at org.h2.command.Parser.parseCreateTable(Parser.java:8939)
	at org.h2.command.Parser.parseCreate(Parser.java:6404)
	at org.h2.command.Parser.parsePrepared(Parser.java:666)
	at org.h2.command.Parser.parse(Parser.java:592)
	at org.h2.command.Parser.parse(Parser.java:564)
	at org.h2.command.Parser.prepareCommand(Parser.java:483)
	at org.h2.engine.SessionLocal.prepareLocal(SessionLocal.java:639)
	at org.h2.engine.SessionLocal.prepareCommand(SessionLocal.java:559)
	at org.h2.jdbc.JdbcConnection.prepareCommand(JdbcConnection.java:1166)
	at org.h2.jdbc.JdbcStatement.executeInternal(JdbcStatement.java:245)
	at org.h2.jdbc.JdbcStatement.execute(JdbcStatement.java:231)
	at org.hibernate.tool.schema.internal.exec.GenerationTargetToDatabase.accept(GenerationTargetToDatabase.java:80)
	... 117 common frames omitted
2026-08-02 22:27:11.670 [main] DEBUG org.hibernate.SQL - 
    create table public.product_catalog (
        amount_npr integer not null,
        daily_limit integer,
        is_active boolean not null,
        type varchar(20) not null,
        id varchar(64) not null,
        name varchar(128) not null,
        stripe_price_id varchar(128),
        description TEXT,
        primary key (id)
    )
Hibernate: 
    create table public.product_catalog (
        amount_npr integer not null,
        daily_limit integer,
        is_active boolean not null,
        type varchar(20) not null,
        id varchar(64) not null,
        name varchar(128) not null,
        stripe_price_id varchar(128),
        description TEXT,
        primary key (id)
    )
2026-08-02 22:27:11.671 [main] DEBUG org.hibernate.SQL - 
    create table public.profile_kundali (
        birth_date date not null,
        birth_latitude float(53) not null,
        birth_longitude float(53) not null,
        birth_time time(6) not null,
        birth_timezone float(53) not null,
        created_at timestamp(6) with time zone,
        updated_at timestamp(6) with time zone,
        id uuid not null,
        birth_place varchar(255) not null,
        profile_id varchar not null unique,
        primary key (id)
    )
Hibernate: 
    create table public.profile_kundali (
        birth_date date not null,
        birth_latitude float(53) not null,
        birth_longitude float(53) not null,
        birth_time time(6) not null,
        birth_timezone float(53) not null,
        created_at timestamp(6) with time zone,
        updated_at timestamp(6) with time zone,
        id uuid not null,
        birth_place varchar(255) not null,
        profile_id varchar not null unique,
        primary key (id)
    )
2026-08-02 22:27:11.681 [main] DEBUG org.hibernate.SQL - 
    create table public.profile_preferences (
        is_active boolean,
        pref_age_max integer,
        pref_age_min integer,
        pref_family_assisted boolean,
        pref_height_max integer,
        pref_height_min integer,
        pref_verified_only boolean,
        created_at timestamp(6) with time zone,
        updated_at timestamp(6) with time zone,
        id uuid not null,
        pref_education varchar(255),
        pref_intention varchar(255),
        pref_location varchar(255),
        pref_profession varchar(255),
        pref_religion varchar(255),
        pref_relocate varchar(255),
        preset_name varchar(255) not null,
        profile_id varchar not null,
        primary key (id)
    )
Hibernate: 
    create table public.profile_preferences (
        is_active boolean,
        pref_age_max integer,
        pref_age_min integer,
        pref_family_assisted boolean,
        pref_height_max integer,
        pref_height_min integer,
        pref_verified_only boolean,
        created_at timestamp(6) with time zone,
        updated_at timestamp(6) with time zone,
        id uuid not null,
        pref_education varchar(255),
        pref_intention varchar(255),
        pref_location varchar(255),
        pref_profession varchar(255),
        pref_religion varchar(255),
        pref_relocate varchar(255),
        preset_name varchar(255) not null,
        profile_id varchar not null,
        primary key (id)
    )
2026-08-02 22:27:11.683 [main] DEBUG org.hibernate.SQL - 
    create table public.profiles (
        date_of_birth date,
        height_cm integer,
        open_to_relocate boolean,
        profile_completed boolean not null,
        created_at timestamp(6) not null,
        updated_at timestamp(6) not null,
        avatar_url varchar(255),
        bio varchar(255),
        citizenship_back_url varchar(255),
        citizenship_front_url varchar(255),
        email varchar(255),
        family_type varchar(255) check (family_type in ('joint','nuclear','other')),
        father_occupation varchar(255),
        full_name varchar(255),
        gender varchar(255) check (gender in ('male','female','other')),
        highest_education varchar(255) check (highest_education in ('high_school','diploma','bachelors','masters','doctorates','other')),
        id varchar(255) not null,
        income_range varchar(255),
        kundali_name varchar(255),
        kundali_url varchar(255),
        kyc_status varchar(255) not null check (kyc_status in ('unverified','pending','verified','rejected')),
        location varchar(255),
        looking_for varchar(255) check (looking_for in ('male','female','other')),
        marital_status varchar(255) check (marital_status in ('never_married','divorced','widowed','separated')),
        marriage_intention varchar(255),
        mother_occupation varchar(255),
        mother_tongue varchar(255),
        phone varchar(255),
        photo_visibility varchar(255) not null check (photo_visibility in ('everyone','verified_only','matches_only','premium_only')),
        profession varchar(255),
        profile_visibility varchar(255) not null check (profile_visibility in ('everyone','verified_only','matches_only','premium_only')),
        religion varchar(255),
        siblings varchar(255),
        social_links jsonb,
        primary key (id)
    )
Hibernate: 
    create table public.profiles (
        date_of_birth date,
        height_cm integer,
        open_to_relocate boolean,
        profile_completed boolean not null,
        created_at timestamp(6) not null,
        updated_at timestamp(6) not null,
        avatar_url varchar(255),
        bio varchar(255),
        citizenship_back_url varchar(255),
        citizenship_front_url varchar(255),
        email varchar(255),
        family_type varchar(255) check (family_type in ('joint','nuclear','other')),
        father_occupation varchar(255),
        full_name varchar(255),
        gender varchar(255) check (gender in ('male','female','other')),
        highest_education varchar(255) check (highest_education in ('high_school','diploma','bachelors','masters','doctorates','other')),
        id varchar(255) not null,
        income_range varchar(255),
        kundali_name varchar(255),
        kundali_url varchar(255),
        kyc_status varchar(255) not null check (kyc_status in ('unverified','pending','verified','rejected')),
        location varchar(255),
        looking_for varchar(255) check (looking_for in ('male','female','other')),
        marital_status varchar(255) check (marital_status in ('never_married','divorced','widowed','separated')),
        marriage_intention varchar(255),
        mother_occupation varchar(255),
        mother_tongue varchar(255),
        phone varchar(255),
        photo_visibility varchar(255) not null check (photo_visibility in ('everyone','verified_only','matches_only','premium_only')),
        profession varchar(255),
        profile_visibility varchar(255) not null check (profile_visibility in ('everyone','verified_only','matches_only','premium_only')),
        religion varchar(255),
        siblings varchar(255),
        social_links jsonb,
        primary key (id)
    )
2026-08-02 22:27:11.684 [main] WARN  o.h.t.s.i.ExceptionHandlerLoggedImpl - GenerationTarget encountered exception accepting command : Error executing DDL "
    create table public.profiles (
        date_of_birth date,
        height_cm integer,
        open_to_relocate boolean,
        profile_completed boolean not null,
        created_at timestamp(6) not null,
        updated_at timestamp(6) not null,
        avatar_url varchar(255),
        bio varchar(255),
        citizenship_back_url varchar(255),
        citizenship_front_url varchar(255),
        email varchar(255),
        family_type varchar(255) check (family_type in ('joint','nuclear','other')),
        father_occupation varchar(255),
        full_name varchar(255),
        gender varchar(255) check (gender in ('male','female','other')),
        highest_education varchar(255) check (highest_education in ('high_school','diploma','bachelors','masters','doctorates','other')),
        id varchar(255) not null,
        income_range varchar(255),
        kundali_name varchar(255),
        kundali_url varchar(255),
        kyc_status varchar(255) not null check (kyc_status in ('unverified','pending','verified','rejected')),
        location varchar(255),
        looking_for varchar(255) check (looking_for in ('male','female','other')),
        marital_status varchar(255) check (marital_status in ('never_married','divorced','widowed','separated')),
        marriage_intention varchar(255),
        mother_occupation varchar(255),
        mother_tongue varchar(255),
        phone varchar(255),
        photo_visibility varchar(255) not null check (photo_visibility in ('everyone','verified_only','matches_only','premium_only')),
        profession varchar(255),
        profile_visibility varchar(255) not null check (profile_visibility in ('everyone','verified_only','matches_only','premium_only')),
        religion varchar(255),
        siblings varchar(255),
        social_links jsonb,
        primary key (id)
    )" via JDBC [Unknown data type: "JSONB";]
org.hibernate.tool.schema.spi.CommandAcceptanceException: Error executing DDL "
    create table public.profiles (
        date_of_birth date,
        height_cm integer,
        open_to_relocate boolean,
        profile_completed boolean not null,
        created_at timestamp(6) not null,
        updated_at timestamp(6) not null,
        avatar_url varchar(255),
        bio varchar(255),
        citizenship_back_url varchar(255),
        citizenship_front_url varchar(255),
        email varchar(255),
        family_type varchar(255) check (family_type in ('joint','nuclear','other')),
        father_occupation varchar(255),
        full_name varchar(255),
        gender varchar(255) check (gender in ('male','female','other')),
        highest_education varchar(255) check (highest_education in ('high_school','diploma','bachelors','masters','doctorates','other')),
        id varchar(255) not null,
        income_range varchar(255),
        kundali_name varchar(255),
        kundali_url varchar(255),
        kyc_status varchar(255) not null check (kyc_status in ('unverified','pending','verified','rejected')),
        location varchar(255),
        looking_for varchar(255) check (looking_for in ('male','female','other')),
        marital_status varchar(255) check (marital_status in ('never_married','divorced','widowed','separated')),
        marriage_intention varchar(255),
        mother_occupation varchar(255),
        mother_tongue varchar(255),
        phone varchar(255),
        photo_visibility varchar(255) not null check (photo_visibility in ('everyone','verified_only','matches_only','premium_only')),
        profession varchar(255),
        profile_visibility varchar(255) not null check (profile_visibility in ('everyone','verified_only','matches_only','premium_only')),
        religion varchar(255),
        siblings varchar(255),
        social_links jsonb,
        primary key (id)
    )" via JDBC [Unknown data type: "JSONB";]
	at org.hibernate.tool.schema.internal.exec.GenerationTargetToDatabase.accept(GenerationTargetToDatabase.java:94)
	at org.hibernate.tool.schema.internal.Helper.applySqlString(Helper.java:233)
	at org.hibernate.tool.schema.internal.Helper.applySqlStrings(Helper.java:217)
	at org.hibernate.tool.schema.internal.SchemaCreatorImpl.createTables(SchemaCreatorImpl.java:428)
	at org.hibernate.tool.schema.internal.SchemaCreatorImpl.createSequencesTablesConstraints(SchemaCreatorImpl.java:344)
	at org.hibernate.tool.schema.internal.SchemaCreatorImpl.createFromMetadata(SchemaCreatorImpl.java:239)
	at org.hibernate.tool.schema.internal.SchemaCreatorImpl.performCreation(SchemaCreatorImpl.java:172)
	at org.hibernate.tool.schema.internal.SchemaCreatorImpl.doCreation(SchemaCreatorImpl.java:142)
	at org.hibernate.tool.schema.internal.SchemaCreatorImpl.doCreation(SchemaCreatorImpl.java:118)
	at org.hibernate.tool.schema.spi.SchemaManagementToolCoordinator.performDatabaseAction(SchemaManagementToolCoordinator.java:250)
	at org.hibernate.tool.schema.spi.SchemaManagementToolCoordinator.lambda$process$5(SchemaManagementToolCoordinator.java:144)
	at java.base/java.util.HashMap.forEach(HashMap.java:1421)
	at org.hibernate.tool.schema.spi.SchemaManagementToolCoordinator.process(SchemaManagementToolCoordinator.java:141)
	at org.hibernate.boot.internal.SessionFactoryObserverForSchemaExport.sessionFactoryCreated(SessionFactoryObserverForSchemaExport.java:37)
	at org.hibernate.internal.SessionFactoryObserverChain.sessionFactoryCreated(SessionFactoryObserverChain.java:35)
	at org.hibernate.internal.SessionFactoryImpl.<init>(SessionFactoryImpl.java:322)
	at org.hibernate.boot.internal.SessionFactoryBuilderImpl.build(SessionFactoryBuilderImpl.java:457)
	at org.hibernate.jpa.boot.internal.EntityManagerFactoryBuilderImpl.build(EntityManagerFactoryBuilderImpl.java:1506)
	at org.springframework.orm.jpa.vendor.SpringHibernateJpaPersistenceProvider.createContainerEntityManagerFactory(SpringHibernateJpaPersistenceProvider.java:75)
	at org.springframework.orm.jpa.LocalContainerEntityManagerFactoryBean.createNativeEntityManagerFactory(LocalContainerEntityManagerFactoryBean.java:390)
	at org.springframework.orm.jpa.AbstractEntityManagerFactoryBean.buildNativeEntityManagerFactory(AbstractEntityManagerFactoryBean.java:409)
	at org.springframework.orm.jpa.AbstractEntityManagerFactoryBean.afterPropertiesSet(AbstractEntityManagerFactoryBean.java:396)
	at org.springframework.orm.jpa.LocalContainerEntityManagerFactoryBean.afterPropertiesSet(LocalContainerEntityManagerFactoryBean.java:366)
	at org.springframework.beans.factory.support.AbstractAutowireCapableBeanFactory.invokeInitMethods(AbstractAutowireCapableBeanFactory.java:1835)
	at org.springframework.beans.factory.support.AbstractAutowireCapableBeanFactory.initializeBean(AbstractAutowireCapableBeanFactory.java:1784)
	at org.springframework.beans.factory.support.AbstractAutowireCapableBeanFactory.doCreateBean(AbstractAutowireCapableBeanFactory.java:600)
	at org.springframework.beans.factory.support.AbstractAutowireCapableBeanFactory.createBean(AbstractAutowireCapableBeanFactory.java:522)
	at org.springframework.beans.factory.support.AbstractBeanFactory.lambda$doGetBean$0(AbstractBeanFactory.java:337)
	at org.springframework.beans.factory.support.DefaultSingletonBeanRegistry.getSingleton(DefaultSingletonBeanRegistry.java:234)
	at org.springframework.beans.factory.support.AbstractBeanFactory.doGetBean(AbstractBeanFactory.java:335)
	at org.springframework.beans.factory.support.AbstractBeanFactory.getBean(AbstractBeanFactory.java:205)
	at org.springframework.context.support.AbstractApplicationContext.finishBeanFactoryInitialization(AbstractApplicationContext.java:952)
	at org.springframework.context.support.AbstractApplicationContext.refresh(AbstractApplicationContext.java:624)
	at org.springframework.boot.SpringApplication.refresh(SpringApplication.java:754)
	at org.springframework.boot.SpringApplication.refreshContext(SpringApplication.java:456)
	at org.springframework.boot.SpringApplication.run(SpringApplication.java:335)
	at org.springframework.boot.test.context.SpringBootContextLoader.lambda$loadContext$3(SpringBootContextLoader.java:137)
	at org.springframework.util.function.ThrowingSupplier.get(ThrowingSupplier.java:58)
	at org.springframework.util.function.ThrowingSupplier.get(ThrowingSupplier.java:46)
	at org.springframework.boot.SpringApplication.withHook(SpringApplication.java:1463)
	at org.springframework.boot.test.context.SpringBootContextLoader$ContextLoaderHook.run(SpringBootContextLoader.java:553)
	at org.springframework.boot.test.context.SpringBootContextLoader.loadContext(SpringBootContextLoader.java:137)
	at org.springframework.boot.test.context.SpringBootContextLoader.loadContext(SpringBootContextLoader.java:108)
	at org.springframework.test.context.cache.DefaultCacheAwareContextLoaderDelegate.loadContextInternal(DefaultCacheAwareContextLoaderDelegate.java:225)
	at org.springframework.test.context.cache.DefaultCacheAwareContextLoaderDelegate.loadContext(DefaultCacheAwareContextLoaderDelegate.java:152)
	at org.springframework.test.context.support.DefaultTestContext.getApplicationContext(DefaultTestContext.java:130)
	at org.springframework.test.context.support.DependencyInjectionTestExecutionListener.injectDependencies(DependencyInjectionTestExecutionListener.java:142)
	at org.springframework.test.context.support.DependencyInjectionTestExecutionListener.prepareTestInstance(DependencyInjectionTestExecutionListener.java:98)
	at org.springframework.test.context.TestContextManager.prepareTestInstance(TestContextManager.java:260)
	at org.springframework.test.context.junit.jupiter.SpringExtension.postProcessTestInstance(SpringExtension.java:163)
	at org.junit.jupiter.engine.descriptor.ClassBasedTestDescriptor.lambda$invokeTestInstancePostProcessors$10(ClassBasedTestDescriptor.java:378)
	at org.junit.jupiter.engine.descriptor.ClassBasedTestDescriptor.executeAndMaskThrowable(ClassBasedTestDescriptor.java:383)
	at org.junit.jupiter.engine.descriptor.ClassBasedTestDescriptor.lambda$invokeTestInstancePostProcessors$11(ClassBasedTestDescriptor.java:378)
	at java.base/java.util.stream.ReferencePipeline$3$1.accept(ReferencePipeline.java:197)
	at java.base/java.util.stream.ReferencePipeline$2$1.accept(ReferencePipeline.java:179)
	at java.base/java.util.ArrayList$ArrayListSpliterator.forEachRemaining(ArrayList.java:1625)
	at java.base/java.util.stream.AbstractPipeline.copyInto(AbstractPipeline.java:509)
	at java.base/java.util.stream.AbstractPipeline.wrapAndCopyInto(AbstractPipeline.java:499)
	at java.base/java.util.stream.StreamSpliterators$WrappingSpliterator.forEachRemaining(StreamSpliterators.java:310)
	at java.base/java.util.stream.Streams$ConcatSpliterator.forEachRemaining(Streams.java:735)
[...]
    fetch
        first ? rows only
Hibernate: 
    select
        u1_0.id 
    from
        public.users u1_0 
    where
        u1_0.email=? 
    fetch
        first ? rows only
2026-08-02 22:27:13.518 [main] TRACE org.hibernate.orm.jdbc.bind - binding parameter (1:VARCHAR) <- [sujal@example.com]
2026-08-02 22:27:13.518 [main] TRACE org.hibernate.orm.jdbc.bind - binding parameter (2:INTEGER) <- [1]
]]></system-out>
  </testcase>
  <testcase name="existsByEmail_notRegistered_returnsFalse" classname="com.eternalbond.api.repository.UserRepositoryTest" time="0.02">
    <system-out><![CDATA[2026-08-02 22:27:13.534 [main] DEBUG org.hibernate.SQL - 
    select
        u1_0.id,
        u1_0.created_at,
        u1_0.email,
        u1_0.full_name,
        u1_0.password,
        u1_0.verification_token,
        u1_0.verified 
    from
        public.users u1_0
Hibernate: 
    select
        u1_0.id,
        u1_0.created_at,
        u1_0.email,
        u1_0.full_name,
        u1_0.password,
        u1_0.verification_token,
        u1_0.verified 
    from
        public.users u1_0
2026-08-02 22:27:13.539 [main] DEBUG org.hibernate.SQL - 
    insert 
    into
        public.users
        (created_at, email, full_name, password, verification_token, verified, id) 
    values
        (?, ?, ?, ?, ?, ?, ?)
Hibernate: 
    insert 
    into
        public.users
        (created_at, email, full_name, password, verification_token, verified, id) 
    values
        (?, ?, ?, ?, ?, ?, ?)
2026-08-02 22:27:13.539 [main] TRACE org.hibernate.orm.jdbc.bind - binding parameter (1:TIMESTAMP) <- [2026-08-02T22:27:13.537273200]
2026-08-02 22:27:13.539 [main] TRACE org.hibernate.orm.jdbc.bind - binding parameter (2:VARCHAR) <- [sujal@example.com]
2026-08-02 22:27:13.539 [main] TRACE org.hibernate.orm.jdbc.bind - binding parameter (3:VARCHAR) <- [Sujal Bajracharya]
2026-08-02 22:27:13.539 [main] TRACE org.hibernate.orm.jdbc.bind - binding parameter (4:VARCHAR) <- [$2a$10$hashedpassword]
2026-08-02 22:27:13.540 [main] TRACE org.hibernate.orm.jdbc.bind - binding parameter (5:VARCHAR) <- [null]
2026-08-02 22:27:13.540 [main] TRACE org.hibernate.orm.jdbc.bind - binding parameter (6:BOOLEAN) <- [true]
2026-08-02 22:27:13.540 [main] TRACE org.hibernate.orm.jdbc.bind - binding parameter (7:VARCHAR) <- [91151225-8b11-400f-84b5-3f9a228c2757]
2026-08-02 22:27:13.540 [main] DEBUG org.hibernate.SQL - 
    select
        u1_0.id 
    from
        public.users u1_0 
    where
        u1_0.email=? 
    fetch
        first ? rows only
Hibernate: 
    select
        u1_0.id 
    from
        public.users u1_0 
    where
        u1_0.email=? 
    fetch
        first ? rows only
2026-08-02 22:27:13.541 [main] TRACE org.hibernate.orm.jdbc.bind - binding parameter (1:VARCHAR) <- [ghost@example.com]
2026-08-02 22:27:13.541 [main] TRACE org.hibernate.orm.jdbc.bind - binding parameter (2:INTEGER) <- [1]
]]></system-out>
  </testcase>
  <testcase name="findByEmail_notExists_returnsEmpty" classname="com.eternalbond.api.repository.UserRepositoryTest" time="0.02">
    <system-out><![CDATA[2026-08-02 22:27:13.551 [main] DEBUG org.hibernate.SQL - 
    select
        u1_0.id,
        u1_0.created_at,
        u1_0.email,
        u1_0.full_name,
        u1_0.password,
        u1_0.verification_token,
        u1_0.verified 
    from
        public.users u1_0
Hibernate: 
    select
        u1_0.id,
        u1_0.created_at,
        u1_0.email,
        u1_0.full_name,
        u1_0.password,
        u1_0.verification_token,
        u1_0.verified 
    from
        public.users u1_0
2026-08-02 22:27:13.557 [main] DEBUG org.hibernate.SQL - 
    insert 
    into
        public.users
        (created_at, email, full_name, password, verification_token, verified, id) 
    values
        (?, ?, ?, ?, ?, ?, ?)
Hibernate: 
    insert 
    into
        public.users
        (created_at, email, full_name, password, verification_token, verified, id) 
    values
        (?, ?, ?, ?, ?, ?, ?)
2026-08-02 22:27:13.558 [main] TRACE org.hibernate.orm.jdbc.bind - binding parameter (1:TIMESTAMP) <- [2026-08-02T22:27:13.553576600]
2026-08-02 22:27:13.558 [main] TRACE org.hibernate.orm.jdbc.bind - binding parameter (2:VARCHAR) <- [sujal@example.com]
2026-08-02 22:27:13.558 [main] TRACE org.hibernate.orm.jdbc.bind - binding parameter (3:VARCHAR) <- [Sujal Bajracharya]
2026-08-02 22:27:13.558 [main] TRACE org.hibernate.orm.jdbc.bind - binding parameter (4:VARCHAR) <- [$2a$10$hashedpassword]
2026-08-02 22:27:13.558 [main] TRACE org.hibernate.orm.jdbc.bind - binding parameter (5:VARCHAR) <- [null]
2026-08-02 22:27:13.558 [main] TRACE org.hibernate.orm.jdbc.bind - binding parameter (6:BOOLEAN) <- [true]
2026-08-02 22:27:13.558 [main] TRACE org.hibernate.orm.jdbc.bind - binding parameter (7:VARCHAR) <- [a2a234c2-a3f4-4771-916d-d11c76176d38]
2026-08-02 22:27:13.559 [main] DEBUG org.hibernate.SQL - 
    select
        u1_0.id,
        u1_0.created_at,
        u1_0.email,
        u1_0.full_name,
        u1_0.password,
        u1_0.verification_token,
        u1_0.verified 
    from
        public.users u1_0 
    where
        u1_0.email=?
Hibernate: 
    select
        u1_0.id,
        u1_0.created_at,
        u1_0.email,
        u1_0.full_name,
        u1_0.password,
        u1_0.verification_token,
        u1_0.verified 
    from
        public.users u1_0 
    where
        u1_0.email=?
2026-08-02 22:27:13.559 [main] TRACE org.hibernate.orm.jdbc.bind - binding parameter (1:VARCHAR) <- [nobody@example.com]
]]></system-out>
  </testcase>
  <testcase name="findByEmail_exists_returnsUser" classname="com.eternalbond.api.repository.UserRepositoryTest" time="0.018">
    <system-out><![CDATA[2026-08-02 22:27:13.570 [main] DEBUG org.hibernate.SQL - 
    select
        u1_0.id,
        u1_0.created_at,
        u1_0.email,
        u1_0.full_name,
        u1_0.password,
        u1_0.verification_token,
        u1_0.verified 
    from
        public.users u1_0
Hibernate: 
    select
        u1_0.id,
        u1_0.created_at,
        u1_0.email,
        u1_0.full_name,
        u1_0.password,
        u1_0.verification_token,
        u1_0.verified 
    from
        public.users u1_0
2026-08-02 22:27:13.574 [main] DEBUG org.hibernate.SQL - 
    insert 
    into
        public.users
        (created_at, email, full_name, password, verification_token, verified, id) 
    values
        (?, ?, ?, ?, ?, ?, ?)
Hibernate: 
    insert 
    into
        public.users
        (created_at, email, full_name, password, verification_token, verified, id) 
    values
        (?, ?, ?, ?, ?, ?, ?)
2026-08-02 22:27:13.574 [main] TRACE org.hibernate.orm.jdbc.bind - binding parameter (1:TIMESTAMP) <- [2026-08-02T22:27:13.572380100]
2026-08-02 22:27:13.574 [main] TRACE org.hibernate.orm.jdbc.bind - binding parameter (2:VARCHAR) <- [sujal@example.com]
2026-08-02 22:27:13.575 [main] TRACE org.hibernate.orm.jdbc.bind - binding parameter (3:VARCHAR) <- [Sujal Bajracharya]
2026-08-02 22:27:13.575 [main] TRACE org.hibernate.orm.jdbc.bind - binding parameter (4:VARCHAR) <- [$2a$10$hashedpassword]
2026-08-02 22:27:13.575 [main] TRACE org.hibernate.orm.jdbc.bind - binding parameter (5:VARCHAR) <- [null]
2026-08-02 22:27:13.575 [main] TRACE org.hibernate.orm.jdbc.bind - binding parameter (6:BOOLEAN) <- [true]
2026-08-02 22:27:13.575 [main] TRACE org.hibernate.orm.jdbc.bind - binding parameter (7:VARCHAR) <- [e1c431b1-2624-4a34-a5ce-45c86fd4ce88]
2026-08-02 22:27:13.576 [main] DEBUG org.hibernate.SQL - 
    select
        u1_0.id,
        u1_0.created_at,
        u1_0.email,
        u1_0.full_name,
        u1_0.password,
        u1_0.verification_token,
        u1_0.verified 
    from
        public.users u1_0 
    where
        u1_0.email=?
Hibernate: 
    select
        u1_0.id,
        u1_0.created_at,
        u1_0.email,
        u1_0.full_name,
        u1_0.password,
        u1_0.verification_token,
        u1_0.verified 
    from
        public.users u1_0 
    where
        u1_0.email=?
2026-08-02 22:27:13.576 [main] TRACE org.hibernate.orm.jdbc.bind - binding parameter (1:VARCHAR) <- [sujal@example.com]
]]></system-out>
  </testcase>
  <testcase name="findByVerificationToken_unknownToken_returnsEmpty" classname="com.eternalbond.api.repository.UserRepositoryTest" time="0.013">
    <system-out><![CDATA[2026-08-02 22:27:13.590 [main] DEBUG org.hibernate.SQL - 
    select
        u1_0.id,
        u1_0.created_at,
        u1_0.email,
        u1_0.full_name,
        u1_0.password,
        u1_0.verification_token,
        u1_0.verified 
    from
        public.users u1_0
Hibernate: 
    select
        u1_0.id,
        u1_0.created_at,
        u1_0.email,
        u1_0.full_name,
        u1_0.password,
        u1_0.verification_token,
        u1_0.verified 
    from
        public.users u1_0
2026-08-02 22:27:13.594 [main] DEBUG org.hibernate.SQL - 
    insert 
    into
        public.users
        (created_at, email, full_name, password, verification_token, verified, id) 
    values
        (?, ?, ?, ?, ?, ?, ?)
Hibernate: 
    insert 
    into
        public.users
        (created_at, email, full_name, password, verification_token, verified, id) 
    values
        (?, ?, ?, ?, ?, ?, ?)
2026-08-02 22:27:13.595 [main] TRACE org.hibernate.orm.jdbc.bind - binding parameter (1:TIMESTAMP) <- [2026-08-02T22:27:13.592323700]
2026-08-02 22:27:13.595 [main] TRACE org.hibernate.orm.jdbc.bind - binding parameter (2:VARCHAR) <- [sujal@example.com]
2026-08-02 22:27:13.595 [main] TRACE org.hibernate.orm.jdbc.bind - binding parameter (3:VARCHAR) <- [Sujal Bajracharya]
2026-08-02 22:27:13.595 [main] TRACE org.hibernate.orm.jdbc.bind - binding parameter (4:VARCHAR) <- [$2a$10$hashedpassword]
2026-08-02 22:27:13.595 [main] TRACE org.hibernate.orm.jdbc.bind - binding parameter (5:VARCHAR) <- [null]
2026-08-02 22:27:13.595 [main] TRACE org.hibernate.orm.jdbc.bind - binding parameter (6:BOOLEAN) <- [true]
2026-08-02 22:27:13.595 [main] TRACE org.hibernate.orm.jdbc.bind - binding parameter (7:VARCHAR) <- [1505172b-73a9-4523-b594-55482106e1ea]
2026-08-02 22:27:13.597 [main] DEBUG org.hibernate.SQL - 
    select
        u1_0.id,
        u1_0.created_at,
        u1_0.email,
        u1_0.full_name,
        u1_0.password,
        u1_0.verification_token,
        u1_0.verified 
    from
        public.users u1_0 
    where
        u1_0.verification_token=?
Hibernate: 
    select
        u1_0.id,
        u1_0.created_at,
        u1_0.email,
        u1_0.full_name,
        u1_0.password,
        u1_0.verification_token,
        u1_0.verified 
    from
        public.users u1_0 
    where
        u1_0.verification_token=?
2026-08-02 22:27:13.597 [main] TRACE org.hibernate.orm.jdbc.bind - binding parameter (1:VARCHAR) <- [nonexistent-token]
]]></system-out>
  </testcase>
  <testcase name="findByVerificationToken_validToken_returnsUser" classname="com.eternalbond.api.repository.UserRepositoryTest" time="0.017">
    <system-out><![CDATA[2026-08-02 22:27:13.607 [main] DEBUG org.hibernate.SQL - 
    select
        u1_0.id,
        u1_0.created_at,
        u1_0.email,
        u1_0.full_name,
        u1_0.password,
        u1_0.verification_token,
        u1_0.verified 
    from
        public.users u1_0
Hibernate: 
    select
        u1_0.id,
        u1_0.created_at,
        u1_0.email,
        u1_0.full_name,
        u1_0.password,
        u1_0.verification_token,
        u1_0.verified 
    from
        public.users u1_0
2026-08-02 22:27:13.613 [main] DEBUG org.hibernate.SQL - 
    insert 
    into
        public.users
        (created_at, email, full_name, password, verification_token, verified, id) 
    values
        (?, ?, ?, ?, ?, ?, ?)
Hibernate: 
    insert 
    into
        public.users
        (created_at, email, full_name, password, verification_token, verified, id) 
    values
        (?, ?, ?, ?, ?, ?, ?)
2026-08-02 22:27:13.613 [main] TRACE org.hibernate.orm.jdbc.bind - binding parameter (1:TIMESTAMP) <- [2026-08-02T22:27:13.609971100]
2026-08-02 22:27:13.613 [main] TRACE org.hibernate.orm.jdbc.bind - binding parameter (2:VARCHAR) <- [sujal@example.com]
2026-08-02 22:27:13.613 [main] TRACE org.hibernate.orm.jdbc.bind - binding parameter (3:VARCHAR) <- [Sujal Bajracharya]
2026-08-02 22:27:13.613 [main] TRACE org.hibernate.orm.jdbc.bind - binding parameter (4:VARCHAR) <- [$2a$10$hashedpassword]
2026-08-02 22:27:13.613 [main] TRACE org.hibernate.orm.jdbc.bind - binding parameter (5:VARCHAR) <- [null]
2026-08-02 22:27:13.613 [main] TRACE org.hibernate.orm.jdbc.bind - binding parameter (6:BOOLEAN) <- [true]
2026-08-02 22:27:13.613 [main] TRACE org.hibernate.orm.jdbc.bind - binding parameter (7:VARCHAR) <- [35611265-dbf5-4363-92b0-253aa43cb662]
2026-08-02 22:27:13.614 [main] DEBUG org.hibernate.SQL - 
    insert 
    into
        public.users
        (created_at, email, full_name, password, verification_token, verified, id) 
    values
        (?, ?, ?, ?, ?, ?, ?)
Hibernate: 
    insert 
    into
        public.users
        (created_at, email, full_name, password, verification_token, verified, id) 
    values
        (?, ?, ?, ?, ?, ?, ?)
2026-08-02 22:27:13.614 [main] TRACE org.hibernate.orm.jdbc.bind - binding parameter (1:TIMESTAMP) <- [2026-08-02T22:27:13.610534200]
2026-08-02 22:27:13.614 [main] TRACE org.hibernate.orm.jdbc.bind - binding parameter (2:VARCHAR) <- [pending@example.com]
2026-08-02 22:27:13.614 [main] TRACE org.hibernate.orm.jdbc.bind - binding parameter (3:VARCHAR) <- [Pending User]
2026-08-02 22:27:13.614 [main] TRACE org.hibernate.orm.jdbc.bind - binding parameter (4:VARCHAR) <- [$2a$10$hash]
2026-08-02 22:27:13.614 [main] TRACE org.hibernate.orm.jdbc.bind - binding parameter (5:VARCHAR) <- [my-unique-verify-token-abc123]
2026-08-02 22:27:13.614 [main] TRACE org.hibernate.orm.jdbc.bind - binding parameter (6:BOOLEAN) <- [false]
2026-08-02 22:27:13.614 [main] TRACE org.hibernate.orm.jdbc.bind - binding parameter (7:VARCHAR) <- [56b1987c-c225-4824-9c81-16738dfd9a1d]
2026-08-02 22:27:13.615 [main] DEBUG org.hibernate.SQL - 
    select
        u1_0.id,
        u1_0.created_at,
        u1_0.email,
        u1_0.full_name,
        u1_0.password,
        u1_0.verification_token,
        u1_0.verified 
    from
        public.users u1_0 
    where
        u1_0.verification_token=?
Hibernate: 
    select
        u1_0.id,
        u1_0.created_at,
        u1_0.email,
        u1_0.full_name,
        u1_0.password,
        u1_0.verification_token,
        u1_0.verified 
    from
        public.users u1_0 
    where
        u1_0.verification_token=?
2026-08-02 22:27:13.615 [main] TRACE org.hibernate.orm.jdbc.bind - binding parameter (1:VARCHAR) <- [my-unique-verify-token-abc123]
]]></system-out>
  </testcase>
  <testcase name="delete_removesUser" classname="com.eternalbond.api.repository.UserRepositoryTest" time="0.055">
    <system-out><![CDATA[2026-08-02 22:27:13.624 [main] DEBUG org.hibernate.SQL - 
    select
        u1_0.id,
        u1_0.created_at,
        u1_0.email,
        u1_0.full_name,
        u1_0.password,
        u1_0.verification_token,
        u1_0.verified 
    from
        public.users u1_0
Hibernate: 
    select
        u1_0.id,
        u1_0.created_at,
        u1_0.email,
        u1_0.full_name,
        u1_0.password,
        u1_0.verification_token,
        u1_0.verified 
    from
        public.users u1_0
2026-08-02 22:27:13.642 [main] DEBUG org.hibernate.SQL - 
    insert 
    into
        public.users
        (created_at, email, full_name, password, verification_token, verified, id) 
    values
        (?, ?, ?, ?, ?, ?, ?)
Hibernate: 
    insert 
    into
        public.users
        (created_at, email, full_name, password, verification_token, verified, id) 
    values
        (?, ?, ?, ?, ?, ?, ?)
2026-08-02 22:27:13.643 [main] TRACE org.hibernate.orm.jdbc.bind - binding parameter (1:TIMESTAMP) <- [2026-08-02T22:27:13.626571100]
2026-08-02 22:27:13.643 [main] TRACE org.hibernate.orm.jdbc.bind - binding parameter (2:VARCHAR) <- [sujal@example.com]
2026-08-02 22:27:13.643 [main] TRACE org.hibernate.orm.jdbc.bind - binding parameter (3:VARCHAR) <- [Sujal Bajracharya]
2026-08-02 22:27:13.643 [main] TRACE org.hibernate.orm.jdbc.bind - binding parameter (4:VARCHAR) <- [$2a$10$hashedpassword]
2026-08-02 22:27:13.643 [main] TRACE org.hibernate.orm.jdbc.bind - binding parameter (5:VARCHAR) <- [null]
2026-08-02 22:27:13.643 [main] TRACE org.hibernate.orm.jdbc.bind - binding parameter (6:BOOLEAN) <- [true]
2026-08-02 22:27:13.643 [main] TRACE org.hibernate.orm.jdbc.bind - binding parameter (7:VARCHAR) <- [7b5303e5-6430-40fa-9d00-68b6f9dee501]
2026-08-02 22:27:13.648 [main] DEBUG org.hibernate.SQL - 
    delete 
    from
        public.users 
    where
        id=?
Hibernate: 
    delete 
    from
        public.users 
    where
        id=?
2026-08-02 22:27:13.648 [main] TRACE org.hibernate.orm.jdbc.bind - binding parameter (1:VARCHAR) <- [7b5303e5-6430-40fa-9d00-68b6f9dee501]
2026-08-02 22:27:13.650 [main] DEBUG org.hibernate.SQL - 
    select
        u1_0.id,
        u1_0.created_at,
        u1_0.email,
        u1_0.full_name,
        u1_0.password,
        u1_0.verification_token,
        u1_0.verified 
    from
        public.users u1_0 
    where
        u1_0.email=?
Hibernate: 
    select
        u1_0.id,
        u1_0.created_at,
        u1_0.email,
        u1_0.full_name,
        u1_0.password,
        u1_0.verification_token,
        u1_0.verified 
    from
        public.users u1_0 
    where
        u1_0.email=?
2026-08-02 22:27:13.651 [main] TRACE org.hibernate.orm.jdbc.bind - binding parameter (1:VARCHAR) <- [sujal@example.com]
2026-08-02 22:27:13.660 [main] DEBUG org.hibernate.SQL - 
    select
        count(*) 
    from
        public.users u1_0
Hibernate: 
    select
        count(*) 
    from
        public.users u1_0
]]></system-out>
  </testcase>
  <testcase name="save_persistsUserWithId" classname="com.eternalbond.api.repository.UserRepositoryTest" time="0.015">
    <system-out><![CDATA[2026-08-02 22:27:13.680 [main] DEBUG org.hibernate.SQL - 
    select
        u1_0.id,
        u1_0.created_at,
        u1_0.email,
        u1_0.full_name,
        u1_0.password,
        u1_0.verification_token,
        u1_0.verified 
    from
        public.users u1_0
Hibernate: 
    select
        u1_0.id,
        u1_0.created_at,
        u1_0.email,
        u1_0.full_name,
        u1_0.password,
        u1_0.verification_token,
        u1_0.verified 
    from
        public.users u1_0
2026-08-02 22:27:13.685 [main] DEBUG org.hibernate.SQL - 
    insert 
    into
        public.users
        (created_at, email, full_name, password, verification_token, verified, id) 
    values
        (?, ?, ?, ?, ?, ?, ?)
Hibernate: 
    insert 
    into
        public.users
        (created_at, email, full_name, password, verification_token, verified, id) 
    values
        (?, ?, ?, ?, ?, ?, ?)
2026-08-02 22:27:13.686 [main] TRACE org.hibernate.orm.jdbc.bind - binding parameter (1:TIMESTAMP) <- [2026-08-02T22:27:13.682701]
2026-08-02 22:27:13.686 [main] TRACE org.hibernate.orm.jdbc.bind - binding parameter (2:VARCHAR) <- [sujal@example.com]
2026-08-02 22:27:13.686 [main] TRACE org.hibernate.orm.jdbc.bind - binding parameter (3:VARCHAR) <- [Sujal Bajracharya]
2026-08-02 22:27:13.686 [main] TRACE org.hibernate.orm.jdbc.bind - binding parameter (4:VARCHAR) <- [$2a$10$hashedpassword]
2026-08-02 22:27:13.686 [main] TRACE org.hibernate.orm.jdbc.bind - binding parameter (5:VARCHAR) <- [null]
2026-08-02 22:27:13.687 [main] TRACE org.hibernate.orm.jdbc.bind - binding parameter (6:BOOLEAN) <- [true]
2026-08-02 22:27:13.687 [main] TRACE org.hibernate.orm.jdbc.bind - binding parameter (7:VARCHAR) <- [9f05dcb6-f09f-4948-82c1-a1e1d39bbbc4]
2026-08-02 22:27:13.687 [main] DEBUG org.hibernate.SQL - 
    select
        count(*) 
    from
        public.users u1_0
Hibernate: 
    select
        count(*) 
    from
        public.users u1_0
]]></system-out>
  </testcase>
</testsuite>