<?xml version="1.0" encoding="UTF-8"?>
<testsuite xmlns:xsi="http://www.w3.org/2001/XMLSchema-instance" xsi:noNamespaceSchemaLocation="https://maven.apache.org/surefire/maven-surefire-plugin/xsd/surefire-test-report-3.0.xsd" version="3.0" name="com.eternalbond.api.controller.AuthControllerTest" time="5.777" tests="13" errors="0" skipped="0" failures="0">
  <properties>
[...]
</properties>
  <testcase name="signup_validRequest_returns201" classname="com.eternalbond.api.controller.AuthControllerTest" time="0.452">
    <system-out><![CDATA[11:58:31.394 [main] INFO org.springframework.test.context.support.AnnotationConfigContextLoaderUtils -- Could not detect default configuration classes for test class [com.eternalbond.api.controller.AuthControllerTest]: AuthControllerTest does not declare any static, non-private, non-final, nested classes annotated with @Configuration.
11:58:31.574 [main] INFO org.springframework.boot.test.context.SpringBootTestContextBootstrapper -- Found @SpringBootConfiguration com.eternalbond.api.EternalBondApplication for test class com.eternalbond.api.controller.AuthControllerTest
11:58:31,277 |-INFO in ch.qos.logback.classic.LoggerContext[default] - This is logback-classic version 1.5.6
11:58:31,280 |-INFO in ch.qos.logback.classic.util.ContextInitializer@109d724c - Here is a list of configurators discovered as a service, by rank: 
11:58:31,280 |-INFO in ch.qos.logback.classic.util.ContextInitializer@109d724c -   org.springframework.boot.logging.logback.RootLogLevelConfigurator
11:58:31,280 |-INFO in ch.qos.logback.classic.util.ContextInitializer@109d724c - They will be invoked in order until ExecutionStatus.DO_NOT_INVOKE_NEXT_IF_ANY is returned.
11:58:31,280 |-INFO in ch.qos.logback.classic.util.ContextInitializer@109d724c - Constructed configurator of type class org.springframework.boot.logging.logback.RootLogLevelConfigurator
11:58:31,286 |-INFO in ch.qos.logback.classic.util.ContextInitializer@109d724c - org.springframework.boot.logging.logback.RootLogLevelConfigurator.configure() call lasted 0 milliseconds. ExecutionStatus=INVOKE_NEXT_IF_ANY
11:58:31,287 |-INFO in ch.qos.logback.classic.util.ContextInitializer@109d724c - Trying to configure with ch.qos.logback.classic.joran.SerializedModelConfigurator
11:58:31,288 |-INFO in ch.qos.logback.classic.util.ContextInitializer@109d724c - Constructed configurator of type class ch.qos.logback.classic.joran.SerializedModelConfigurator
11:58:31,289 |-INFO in ch.qos.logback.classic.LoggerContext[default] - Could NOT find resource [logback-test.scmo]
11:58:31,290 |-INFO in ch.qos.logback.classic.LoggerContext[default] - Could NOT find resource [logback.scmo]
11:58:31,290 |-INFO in ch.qos.logback.classic.util.ContextInitializer@109d724c - ch.qos.logback.classic.joran.SerializedModelConfigurator.configure() call lasted 2 milliseconds. ExecutionStatus=INVOKE_NEXT_IF_ANY
11:58:31,290 |-INFO in ch.qos.logback.classic.util.ContextInitializer@109d724c - Trying to configure with ch.qos.logback.classic.util.DefaultJoranConfigurator
11:58:31,291 |-INFO in ch.qos.logback.classic.util.ContextInitializer@109d724c - Constructed configurator of type class ch.qos.logback.classic.util.DefaultJoranConfigurator
11:58:31,291 |-INFO in ch.qos.logback.classic.LoggerContext[default] - Could NOT find resource [logback-test.xml]
11:58:31,292 |-INFO in ch.qos.logback.classic.LoggerContext[default] - Could NOT find resource [logback.xml]
11:58:31,292 |-INFO in ch.qos.logback.classic.util.ContextInitializer@109d724c - ch.qos.logback.classic.util.DefaultJoranConfigurator.configure() call lasted 1 milliseconds. ExecutionStatus=INVOKE_NEXT_IF_ANY
11:58:31,292 |-INFO in ch.qos.logback.classic.util.ContextInitializer@109d724c - Trying to configure with ch.qos.logback.classic.BasicConfigurator
11:58:31,293 |-INFO in ch.qos.logback.classic.util.ContextInitializer@109d724c - Constructed configurator of type class ch.qos.logback.classic.BasicConfigurator
11:58:31,293 |-INFO in ch.qos.logback.classic.BasicConfigurator@1704f67f - Setting up default configuration.
11:58:31,306 |-INFO in ch.qos.logback.classic.util.ContextInitializer@109d724c - ch.qos.logback.classic.BasicConfigurator.configure() call lasted 13 milliseconds. ExecutionStatus=NEUTRAL
11:58:32,063 |-INFO in ch.qos.logback.core.model.processor.AppenderModelHandler - Processing appender named [Console]
11:58:32,063 |-INFO in ch.qos.logback.core.model.processor.AppenderModelHandler - About to instantiate appender of type [ch.qos.logback.core.ConsoleAppender]
11:58:32,068 |-INFO in ch.qos.logback.core.model.processor.ImplicitModelHandler - Assuming default type [ch.qos.logback.classic.encoder.PatternLayoutEncoder] for [encoder] property
11:58:32,085 |-INFO in ch.qos.logback.core.model.processor.AppenderModelHandler - Processing appender named [RollingFile]
11:58:32,085 |-INFO in ch.qos.logback.core.model.processor.AppenderModelHandler - About to instantiate appender of type [ch.qos.logback.core.rolling.RollingFileAppender]
11:58:32,088 |-INFO in ch.qos.logback.core.model.processor.ImplicitModelHandler - Assuming default type [ch.qos.logback.classic.encoder.PatternLayoutEncoder] for [encoder] property
11:58:32,098 |-INFO in c.q.l.core.rolling.TimeBasedRollingPolicy@239937174 - Will use gz compression
11:58:32,099 |-INFO in c.q.l.core.rolling.TimeBasedRollingPolicy@239937174 - Will use the pattern logs/archived/backend-%d{yyyy-MM-dd}.%i.log for the active file
11:58:32,100 |-INFO in ch.qos.logback.core.rolling.SizeAndTimeBasedFNATP@6e0f7aad - The date pattern is 'yyyy-MM-dd' from file name pattern 'logs/archived/backend-%d{yyyy-MM-dd}.%i.log.gz'.
11:58:32,100 |-INFO in ch.qos.logback.core.rolling.SizeAndTimeBasedFNATP@6e0f7aad - Roll-over at midnight.
11:58:32,101 |-INFO in ch.qos.logback.core.rolling.SizeAndTimeBasedFNATP@6e0f7aad - Setting initial period to 2026-08-19T05:42:42.379Z
11:58:32,102 |-WARN in ch.qos.logback.core.rolling.SizeAndTimeBasedFNATP@6e0f7aad - SizeAndTimeBasedFNATP is deprecated. Use SizeAndTimeBasedRollingPolicy instead
11:58:32,102 |-WARN in ch.qos.logback.core.rolling.SizeAndTimeBasedFNATP@6e0f7aad - For more information see http://logback.qos.ch/manual/appenders.html#SizeAndTimeBasedRollingPolicy
11:58:32,108 |-INFO in ch.qos.logback.core.rolling.RollingFileAppender[RollingFile] - Active log file name: logs/backend.log
11:58:32,108 |-INFO in ch.qos.logback.core.rolling.RollingFileAppender[RollingFile] - File property is set to [logs/backend.log]
11:58:32,109 |-INFO in ch.qos.logback.classic.model.processor.LoggerModelHandler - Setting level of logger [com.eternalbond.api] to DEBUG
11:58:32,109 |-INFO in ch.qos.logback.classic.jul.LevelChangePropagator@15fb7a32 - Propagating DEBUG level on Logger[com.eternalbond.api] onto the JUL framework
11:58:32,113 |-INFO in ch.qos.logback.classic.model.processor.LoggerModelHandler - Setting additivity of logger [com.eternalbond.api] to false
11:58:32,113 |-INFO in ch.qos.logback.core.model.processor.AppenderRefModelHandler - Attaching appender named [Console] to Logger[com.eternalbond.api]
11:58:32,113 |-INFO in ch.qos.logback.core.model.processor.AppenderRefModelHandler - Attaching appender named [RollingFile] to Logger[com.eternalbond.api]
11:58:32,113 |-INFO in ch.qos.logback.classic.model.processor.LoggerModelHandler - Setting level of logger [org.springframework.web] to INFO
11:58:32,113 |-INFO in ch.qos.logback.classic.jul.LevelChangePropagator@15fb7a32 - Propagating INFO level on Logger[org.springframework.web] onto the JUL framework
11:58:32,113 |-INFO in ch.qos.logback.classic.model.processor.LoggerModelHandler - Setting level of logger [org.springframework.security] to INFO
11:58:32,113 |-INFO in ch.qos.logback.classic.jul.LevelChangePropagator@15fb7a32 - Propagating INFO level on Logger[org.springframework.security] onto the JUL framework
11:58:32,113 |-INFO in ch.qos.logback.classic.model.processor.LoggerModelHandler - Setting level of logger [org.hibernate.SQL] to DEBUG
11:58:32,113 |-INFO in ch.qos.logback.classic.jul.LevelChangePropagator@15fb7a32 - Propagating DEBUG level on Logger[org.hibernate.SQL] onto the JUL framework
11:58:32,113 |-INFO in ch.qos.logback.classic.model.processor.RootLoggerModelHandler - Setting level of ROOT logger to INFO
11:58:32,113 |-INFO in ch.qos.logback.classic.jul.LevelChangePropagator@15fb7a32 - Propagating INFO level on Logger[ROOT] onto the JUL framework
11:58:32,113 |-INFO in ch.qos.logback.core.model.processor.AppenderRefModelHandler - Attaching appender named [Console] to Logger[ROOT]
11:58:32,113 |-INFO in ch.qos.logback.core.model.processor.AppenderRefModelHandler - Attaching appender named [RollingFile] to Logger[ROOT]
11:58:32,113 |-INFO in ch.qos.logback.core.model.processor.DefaultProcessor@257cc1fc - End of configuration.
11:58:32,114 |-INFO in org.springframework.boot.logging.logback.SpringBootJoranConfigurator@42e22a53 - Registering current configuration as safe fallback point

  .   ____          _            __ _ _
 /\\ / ___'_ __ _ _(_)_ __  __ _ \ \ \ \
( ( )\___ | '_ | '_| | '_ \/ _` | \ \ \ \
 \\/  ___)| |_)| | | | | || (_| |  ) ) ) )
  '  |____| .__|_| |_|_| |_\__, | / / / /
 =========|_|==============|___/=/_/_/_/

 :: Spring Boot ::                (v3.3.0)

2026-08-19 11:58:32.166 [background-preinit] INFO  o.h.validator.internal.util.Version - HV000001: Hibernate Validator 8.0.1.Final
2026-08-19 11:58:32.220 [main] INFO  c.e.a.controller.AuthControllerTest - Starting AuthControllerTest using Java 17.0.17 with PID 18624 (started by ACER in C:\Users\ACER\OneDrive - Virinchi College\Desktop\SUJALLLL\eternal-bond\eternal-bond-backend)
2026-08-19 11:58:32.221 [main] DEBUG c.e.a.controller.AuthControllerTest - Running with Spring Boot v3.3.0, Spring v6.1.8
2026-08-19 11:58:32.222 [main] INFO  c.e.a.controller.AuthControllerTest - No active profile set, falling back to 1 default profile: "default"
2026-08-19 11:58:35.527 [main] INFO  o.s.s.web.DefaultSecurityFilterChain - Will secure any request with [org.springframework.security.web.session.DisableEncodeUrlFilter@7d17906, org.springframework.security.web.context.request.async.WebAsyncManagerIntegrationFilter@97beeaf, org.springframework.security.web.context.SecurityContextHolderFilter@210635fd, org.springframework.security.web.header.HeaderWriterFilter@b77b0a0, org.springframework.web.filter.CorsFilter@5d68954d, org.springframework.security.web.authentication.logout.LogoutFilter@7db162f2, org.springframework.security.web.savedrequest.RequestCacheAwareFilter@3cb195dd, org.springframework.security.web.servletapi.SecurityContextHolderAwareRequestFilter@342a1f84, org.springframework.security.web.authentication.AnonymousAuthenticationFilter@f793f15, org.springframework.security.web.session.SessionManagementFilter@3cbfdf5c, org.springframework.security.web.access.ExceptionTranslationFilter@12670e55, org.springframework.security.web.access.intercept.AuthorizationFilter@773f3360]
2026-08-19 11:58:36.152 [main] INFO  o.s.b.t.m.w.SpringBootMockServletContext - Initializing Spring TestDispatcherServlet ''
2026-08-19 11:58:36.153 [main] INFO  o.s.t.w.s.TestDispatcherServlet - Initializing Servlet ''
2026-08-19 11:58:36.155 [main] INFO  o.s.t.w.s.TestDispatcherServlet - Completed initialization in 2 ms
2026-08-19 11:58:36.330 [main] INFO  c.e.a.controller.AuthControllerTest - Started AuthControllerTest in 4.675 seconds (process running for 5.887)
]]></system-out>
  </testcase>
  <testcase name="verifyEmail_invalidToken_returns409" classname="com.eternalbond.api.controller.AuthControllerTest" time="0.035"/>
  <testcase name="signin_missingEmail_returns400" classname="com.eternalbond.api.controller.AuthControllerTest" time="0.032"/>
  <testcase name="signup_shortPassword_returns400" classname="com.eternalbond.api.controller.AuthControllerTest" time="0.01"/>
  <testcase name="signin_validCredentials_returns200WithToken" classname="com.eternalbond.api.controller.AuthControllerTest" time="0.015"/>
  <testcase name="signup_invalidEmail_returns400" classname="com.eternalbond.api.controller.AuthControllerTest" time="0.008"/>
  <testcase name="logout_returns200" classname="com.eternalbond.api.controller.AuthControllerTest" time="0.008"/>
  <testcase name="signin_emailNotVerified_returns401" classname="com.eternalbond.api.controller.AuthControllerTest" time="0.008"/>
  <testcase name="signin_wrongCredentials_returns401" classname="com.eternalbond.api.controller.AuthControllerTest" time="0.009">
    <system-out><![CDATA[2026-08-19 11:58:36.943 [main] WARN  c.e.a.e.GlobalExceptionHandler - Authentication failure: Bad credentials
]]></system-out>
  </testcase>
  <testcase name="getMe_withUserId_returns200" classname="com.eternalbond.api.controller.AuthControllerTest" time="0.009"/>
  <testcase name="verifyEmail_validToken_returns200" classname="com.eternalbond.api.controller.AuthControllerTest" time="0.007"/>
  <testcase name="signup_blankName_returns400" classname="com.eternalbond.api.controller.AuthControllerTest" time="0.007"/>
  <testcase name="signup_duplicateEmail_returns409" classname="com.eternalbond.api.controller.AuthControllerTest" time="0.008"/>
</testsuite>